#
# There is insufficient memory for the Java Runtime Environment to continue.
# Native memory allocation (malloc) failed to allocate 1348352 bytes for Chunk::new
# Possible reasons:
#   The system is out of physical RAM or swap space
#   The process is running with CompressedOops enabled, and the Java Heap may be blocking the growth of the native heap
# Possible solutions:
#   Reduce memory load on the system
#   Increase physical memory or swap space
#   Check if swap backing store is full
#   Decrease Java heap size (-Xmx/-Xms)
#   Decrease number of Java threads
#   Decrease Java thread stack sizes (-Xss)
#   Set larger code cache with -XX:ReservedCodeCacheSize=
#   JVM is running with Unscaled Compressed Oops mode in which the Java heap is
#     placed in the first 4GB address space. The Java Heap base address is the
#     maximum limit for the native heap growth. Please use -XX:HeapBaseMinAddress
#     to set the Java Heap base and to place the Java Heap above 4GB virtual address.
# This output file may be truncated or incomplete.
#
#  Out of Memory Error (arena.cpp:189), pid=54060, tid=20172
#
# JRE version: Java(TM) SE Runtime Environment (17.0.9+11) (build 17.0.9+11-LTS-201)
# Java VM: Java HotSpot(TM) 64-Bit Server VM (17.0.9+11-LTS-201, mixed mode, sharing, tiered, compressed oops, compressed class ptrs, g1 gc, windows-amd64)
# No core dump will be written. Minidumps are not enabled by default on client versions of Windows
#

---------------  S U M M A R Y ------------

Command Line: --add-opens=java.base/java.lang=ALL-UNNAMED --add-opens=java.base/java.lang.invoke=ALL-UNNAMED --add-opens=java.base/java.util=ALL-UNNAMED --add-opens=java.prefs/java.util.prefs=ALL-UNNAMED --add-exports=jdk.compiler/com.sun.tools.javac.api=ALL-UNNAMED --add-exports=jdk.compiler/com.sun.tools.javac.util=ALL-UNNAMED --add-opens=java.base/java.util=ALL-UNNAMED --add-opens=java.prefs/java.util.prefs=ALL-UNNAMED --add-opens=java.base/java.nio.charset=ALL-UNNAMED --add-opens=java.base/java.net=ALL-UNNAMED --add-opens=java.base/java.util.concurrent.atomic=ALL-UNNAMED --add-opens=java.xml/javax.xml.namespace=ALL-UNNAMED -XX:MaxMetaspaceSize=512m -Xmx2048m -Dfile.encoding=windows-1252 -Duser.country=US -Duser.language=en -Duser.variant -javaagent:C:\Users\PMYLS\.gradle\wrapper\dists\gradle-8.14.1-bin\baw1sv0jfoi8rxs14qo3h49cs\gradle-8.14.1\lib\agents\gradle-instrumentation-agent-8.14.1.jar org.gradle.launcher.daemon.bootstrap.GradleDaemon 8.14.1

Host: 12th Gen Intel(R) Core(TM) i5-1235U, 12 cores, 7G,  Windows 11 , 64 bit Build 26100 (10.0.26100.5074)
Time: Sat Dec 27 00:34:47 2025 Pakistan Standard Time elapsed time: 38.094850 seconds (0d 0h 0m 38s)

---------------  T H R E A D  ---------------

Current thread (0x00000177b561eb10):  JavaThread "C2 CompilerThread1" daemon [_thread_in_native, id=20172, stack(0x00000033dfd00000,0x00000033dfe00000)]


Current CompileTask:
C2:  38095 9988   !   4       org.gradle.internal.service.DefaultServiceRegistry$ManagedObjectServiceProvider::getInstance (47 bytes)

Stack: [0x00000033dfd00000,0x00000033dfe00000]
Native frames: (J=compiled Java code, j=interpreted, Vv=VM code, C=native code)
V  [jvm.dll+0x678a4a]
V  [jvm.dll+0x7d9cfd]
V  [jvm.dll+0x7db60e]
V  [jvm.dll+0x7dbc73]
V  [jvm.dll+0x245e1f]
V  [jvm.dll+0xaaafb]
V  [jvm.dll+0xab09c]
V  [jvm.dll+0x36237e]
V  [jvm.dll+0x1bbb3a]
V  [jvm.dll+0x218287]
V  [jvm.dll+0x217561]
V  [jvm.dll+0x1a3bc0]
V  [jvm.dll+0x2272de]
V  [jvm.dll+0x22548b]
V  [jvm.dll+0x78f58c]
V  [jvm.dll+0x78998a]
V  [jvm.dll+0x677875]
C  [ucrtbase.dll+0x37b0]
C  [KERNEL32.DLL+0x2e8d7]
C  [ntdll.dll+0x8d9c]


---------------  P R O C E S S  ---------------

Threads class SMR info:
_java_thread_list=0x00000177b58f6e40, length=183, elements={
0x00000177f2ed7530, 0x00000177915e2b00, 0x00000177915e36c0, 0x00000177915f7120,
0x00000177915f9b00, 0x00000177915fb4d0, 0x00000177915fbe90, 0x00000177915fcb80,
0x00000177915fd580, 0x0000017791609fb0, 0x000001779183e670, 0x00000177918f31f0,
0x00000177b22406a0, 0x00000177b28df420, 0x00000177b2506010, 0x00000177b26099b0,
0x00000177b264d680, 0x00000177b2668c40, 0x00000177b2669150, 0x00000177b266afb0,
0x00000177b266b4c0, 0x00000177b2669660, 0x00000177b266a590, 0x00000177b2667d10,
0x00000177b2669b70, 0x00000177b2668220, 0x00000177b266aaa0, 0x00000177b2668730,
0x00000177b2d480c0, 0x00000177b2d49f20, 0x00000177b2d48ae0, 0x00000177b2d48ff0,
0x00000177b2d49500, 0x00000177b2d47190, 0x00000177b2d49a10, 0x00000177b2d4a430,
0x00000177b2d4ae50, 0x00000177b2d476a0, 0x00000177b2d4b360, 0x00000177b2d47bb0,
0x00000177b2d4bd80, 0x00000177b2d4e0f0, 0x00000177b2d4c7a0, 0x00000177b2d4dbe0,
0x00000177b2d4b870, 0x00000177b2d4e600, 0x00000177b2d4c290, 0x00000177b2d4ccb0,
0x00000177b2d4d1c0, 0x00000177b2d4d6d0, 0x00000177b10e7290, 0x00000177b10e8be0,
0x00000177b10e90f0, 0x00000177b10eaf50, 0x00000177b10e9600, 0x00000177b10e77a0,
0x00000177b10e81c0, 0x00000177b10ea530, 0x00000177b10eb460, 0x00000177b10e86d0,
0x00000177b10e7cb0, 0x00000177b10ebe80, 0x00000177b10ec390, 0x00000177b10eaa40,
0x00000177b10eb970, 0x00000177b10ec8a0, 0x00000177b10ecdb0, 0x00000177b10ed2c0,
0x00000177b10e9b10, 0x00000177b10ed7d0, 0x00000177b10ea020, 0x00000177b10edce0,
0x00000177b10ee1f0, 0x00000177b10ee700, 0x00000177b10eec10, 0x00000177b2cd16d0,
0x00000177b2cd3a40, 0x00000177b2cd4970, 0x00000177b2cd3530, 0x00000177b2cd20f0,
0x00000177b2cd3f50, 0x00000177b2cd4460, 0x00000177b2cd1be0, 0x00000177b2cd58a0,
0x00000177b2cd5db0, 0x00000177b2cd2600, 0x00000177b2cd62c0, 0x00000177b2cd2b10,
0x00000177b2cd67d0, 0x00000177b2cd3020, 0x00000177b2cd8630, 0x00000177b2cd71f0,
0x00000177b2cd7700, 0x00000177b2cd8120, 0x00000177b2cd7c10, 0x00000177b2cd9050,
0x00000177b2cd8b40, 0x00000177b410a160, 0x00000177b4108300, 0x00000177b4108810,
0x00000177b4108d20, 0x00000177b4109c50, 0x00000177b4109230, 0x00000177b4107df0,
0x00000177b41078e0, 0x00000177b4109740, 0x00000177b410a670, 0x00000177b410ab80,
0x00000177b410b090, 0x00000177b669a300, 0x00000177b6697a80, 0x00000177b6697570,
0x00000177b66984a0, 0x00000177b6697f90, 0x00000177b66998e0, 0x00000177b669a810,
0x00000177b66993d0, 0x00000177b6699df0, 0x00000177b66989b0, 0x00000177b6697060,
0x00000177b669b230, 0x00000177b669ad20, 0x00000177b669b740, 0x00000177b669bc50,
0x00000177b669c160, 0x00000177b669c670, 0x00000177b6698ec0, 0x00000177b669cb80,
0x00000177b669d090, 0x00000177b669d5a0, 0x00000177b669dfc0, 0x00000177b669dab0,
0x00000177b669e4d0, 0x00000177b669e9e0, 0x00000177b3eadcd0, 0x00000177b3eabe70,
0x00000177b3eae1e0, 0x00000177b3eaaa30, 0x00000177b3eab960, 0x00000177b3ead7c0,
0x00000177b3eaaf40, 0x00000177b3eae6f0, 0x00000177b3eaec00, 0x00000177b3eab450,
0x00000177b3eafb30, 0x00000177b3eacda0, 0x00000177b3ead2b0, 0x00000177b3eaf110,
0x00000177b3eac890, 0x00000177b3eac380, 0x00000177b3eb0550, 0x00000177b3eb0040,
0x00000177b3eb23b0, 0x00000177b3eb0a60, 0x00000177b3eaf620, 0x00000177b3eb0f70,
0x00000177b3eb1480, 0x00000177b3eb1990, 0x00000177b3eb1ea0, 0x00000177b453ce60,
0x00000177b453d880, 0x00000177b453e2a0, 0x00000177b453ba20, 0x00000177b453d370,
0x00000177b453dd90, 0x00000177b453aaf0, 0x00000177b453bf30, 0x00000177b453e7b0,
0x00000177b453b000, 0x00000177b453b510, 0x00000177b453ecc0, 0x00000177b453f1d0,
0x00000177b453f6e0, 0x00000177b453fbf0, 0x00000177b453c440, 0x00000177b4540100,
0x00000177b453c950, 0x00000177b4540610, 0x00000177b4541f60, 0x00000177b4540b20,
0x00000177b561eb10, 0x00000177b5620050, 0x00000177b4541030
}

Java Threads: ( => current thread )
  0x00000177f2ed7530 JavaThread "main" [_thread_blocked, id=46720, stack(0x00000033d3600000,0x00000033d3700000)]
  0x00000177915e2b00 JavaThread "Reference Handler" daemon [_thread_blocked, id=18856, stack(0x00000033d3d00000,0x00000033d3e00000)]
  0x00000177915e36c0 JavaThread "Finalizer" daemon [_thread_blocked, id=58168, stack(0x00000033d3e00000,0x00000033d3f00000)]
  0x00000177915f7120 JavaThread "Signal Dispatcher" daemon [_thread_blocked, id=35052, stack(0x00000033d3f00000,0x00000033d4000000)]
  0x00000177915f9b00 JavaThread "Attach Listener" daemon [_thread_blocked, id=19616, stack(0x00000033d4000000,0x00000033d4100000)]
  0x00000177915fb4d0 JavaThread "Service Thread" daemon [_thread_blocked, id=60288, stack(0x00000033d4100000,0x00000033d4200000)]
  0x00000177915fbe90 JavaThread "Monitor Deflation Thread" daemon [_thread_blocked, id=26256, stack(0x00000033d4200000,0x00000033d4300000)]
  0x00000177915fcb80 JavaThread "C2 CompilerThread0" daemon [_thread_blocked, id=28648, stack(0x00000033d4300000,0x00000033d4400000)]
  0x00000177915fd580 JavaThread "C1 CompilerThread0" daemon [_thread_blocked, id=39848, stack(0x00000033d4400000,0x00000033d4500000)]
  0x0000017791609fb0 JavaThread "Sweeper thread" daemon [_thread_blocked, id=37632, stack(0x00000033d4500000,0x00000033d4600000)]
  0x000001779183e670 JavaThread "Common-Cleaner" daemon [_thread_blocked, id=28028, stack(0x00000033d4600000,0x00000033d4700000)]
  0x00000177918f31f0 JavaThread "Notification Thread" daemon [_thread_blocked, id=32364, stack(0x00000033d4700000,0x00000033d4800000)]
  0x00000177b22406a0 JavaThread "Daemon health stats" [_thread_blocked, id=31360, stack(0x00000033d4d00000,0x00000033d4e00000)]
  0x00000177b28df420 JavaThread "Incoming local TCP Connector on port 57258" [_thread_in_native, id=61140, stack(0x00000033d4e00000,0x00000033d4f00000)]
  0x00000177b2506010 JavaThread "Daemon periodic checks" [_thread_blocked, id=54932, stack(0x00000033d4f00000,0x00000033d5000000)]
  0x00000177b26099b0 JavaThread "Daemon" [_thread_blocked, id=18656, stack(0x00000033d5000000,0x00000033d5100000)]
  0x00000177b264d680 JavaThread "Handler for socket connection from /127.0.0.1:57258 to /127.0.0.1:57259" [_thread_in_native, id=50824, stack(0x00000033d5100000,0x00000033d5200000)]
  0x00000177b2668c40 JavaThread "Cancel handler" [_thread_blocked, id=52552, stack(0x00000033d5200000,0x00000033d5300000)]
  0x00000177b2669150 JavaThread "Daemon worker" [_thread_in_vm, id=28996, stack(0x00000033d5300000,0x00000033d5400000)]
  0x00000177b266afb0 JavaThread "Asynchronous log dispatcher for DefaultDaemonConnection: socket connection from /127.0.0.1:57258 to /127.0.0.1:57259" [_thread_blocked, id=34352, stack(0x00000033d5400000,0x00000033d5500000)]
  0x00000177b266b4c0 JavaThread "Stdin handler" [_thread_blocked, id=32388, stack(0x00000033d5500000,0x00000033d5600000)]
  0x00000177b2669660 JavaThread "Daemon client event forwarder" [_thread_blocked, id=54640, stack(0x00000033d5600000,0x00000033d5700000)]
  0x00000177b266a590 JavaThread "Cache worker for journal cache (C:\Users\PMYLS\.gradle\caches\journal-1)" [_thread_blocked, id=21492, stack(0x00000033d5700000,0x00000033d5800000)]
  0x00000177b2667d10 JavaThread "File lock request listener" [_thread_in_native, id=23492, stack(0x00000033d5800000,0x00000033d5900000)]
  0x00000177b2669b70 JavaThread "Cache worker for file hash cache (C:\Users\PMYLS\.gradle\caches\8.14.1\fileHashes)" [_thread_blocked, id=36500, stack(0x00000033d5900000,0x00000033d5a00000)]
  0x00000177b2668220 JavaThread "File lock release action executor" [_thread_blocked, id=14420, stack(0x00000033d5f00000,0x00000033d6000000)]
  0x00000177b266aaa0 JavaThread "Cache worker for file hash cache (D:\App-Dev-Projects\CoffeeShop\android\.gradle\8.14.1\fileHashes)" [_thread_blocked, id=35772, stack(0x00000033d6000000,0x00000033d6100000)]
  0x00000177b2668730 JavaThread "Cache worker for Build Output Cleanup Cache (D:\App-Dev-Projects\CoffeeShop\android\.gradle\buildOutputCleanup)" [_thread_blocked, id=31424, stack(0x00000033d6100000,0x00000033d6200000)]
  0x00000177b2d480c0 JavaThread "File watcher server" daemon [_thread_in_native, id=51376, stack(0x00000033d6400000,0x00000033d6500000)]
  0x00000177b2d49f20 JavaThread "File watcher consumer" daemon [_thread_blocked, id=54460, stack(0x00000033d6500000,0x00000033d6600000)]
  0x00000177b2d48ae0 JavaThread "jar transforms" [_thread_blocked, id=26184, stack(0x00000033d6600000,0x00000033d6700000)]
  0x00000177b2d48ff0 JavaThread "Cache worker for checksums cache (D:\App-Dev-Projects\CoffeeShop\android\.gradle\8.14.1\checksums)" [_thread_blocked, id=61612, stack(0x00000033d6700000,0x00000033d6800000)]
  0x00000177b2d49500 JavaThread "Cache worker for file content cache (C:\Users\PMYLS\.gradle\caches\8.14.1\fileContent)" [_thread_blocked, id=26608, stack(0x00000033d6800000,0x00000033d6900000)]
  0x00000177b2d47190 JavaThread "Cache worker for cache directory md-supplier (C:\Users\PMYLS\.gradle\caches\8.14.1\md-supplier)" [_thread_blocked, id=45960, stack(0x00000033d6900000,0x00000033d6a00000)]
  0x00000177b2d49a10 JavaThread "Cache worker for cache directory md-rule (C:\Users\PMYLS\.gradle\caches\8.14.1\md-rule)" [_thread_blocked, id=38400, stack(0x00000033d6a00000,0x00000033d6b00000)]
  0x00000177b2d4a430 JavaThread "Cache worker for Build Output Cleanup Cache (D:\App-Dev-Projects\CoffeeShop\node_modules\@react-native\gradle-plugin\.gradle\buildOutputCleanup)" [_thread_blocked, id=46852, stack(0x00000033d6b00000,0x00000033d6c00000)]
  0x00000177b2d4ae50 JavaThread "Unconstrained build operations" [_thread_blocked, id=20180, stack(0x00000033d6c00000,0x00000033d6d00000)]
  0x00000177b2d476a0 JavaThread "Unconstrained build operations Thread 2" [_thread_blocked, id=30436, stack(0x00000033d6d00000,0x00000033d6e00000)]
  0x00000177b2d4b360 JavaThread "Unconstrained build operations Thread 3" [_thread_blocked, id=8320, stack(0x00000033d6e00000,0x00000033d6f00000)]
  0x00000177b2d47bb0 JavaThread "Unconstrained build operations Thread 4" [_thread_blocked, id=43124, stack(0x00000033d6f00000,0x00000033d7000000)]
  0x00000177b2d4bd80 JavaThread "Unconstrained build operations Thread 5" [_thread_blocked, id=25500, stack(0x00000033d7000000,0x00000033d7100000)]
  0x00000177b2d4e0f0 JavaThread "Unconstrained build operations Thread 6" [_thread_blocked, id=25672, stack(0x00000033d7100000,0x00000033d7200000)]
  0x00000177b2d4c7a0 JavaThread "Unconstrained build operations Thread 7" [_thread_blocked, id=44460, stack(0x00000033d7200000,0x00000033d7300000)]
  0x00000177b2d4dbe0 JavaThread "Unconstrained build operations Thread 8" [_thread_blocked, id=9220, stack(0x00000033d7300000,0x00000033d7400000)]
  0x00000177b2d4b870 JavaThread "Unconstrained build operations Thread 9" [_thread_blocked, id=25780, stack(0x00000033d7400000,0x00000033d7500000)]
  0x00000177b2d4e600 JavaThread "Unconstrained build operations Thread 10" [_thread_blocked, id=55864, stack(0x00000033d7500000,0x00000033d7600000)]
  0x00000177b2d4c290 JavaThread "Unconstrained build operations Thread 11" [_thread_blocked, id=15860, stack(0x00000033d7600000,0x00000033d7700000)]
  0x00000177b2d4ccb0 JavaThread "Unconstrained build operations Thread 12" [_thread_blocked, id=35744, stack(0x00000033d7700000,0x00000033d7800000)]
  0x00000177b2d4d1c0 JavaThread "Unconstrained build operations Thread 13" [_thread_blocked, id=50248, stack(0x00000033d7800000,0x00000033d7900000)]
  0x00000177b2d4d6d0 JavaThread "Unconstrained build operations Thread 14" [_thread_blocked, id=46508, stack(0x00000033d7900000,0x00000033d7a00000)]
  0x00000177b10e7290 JavaThread "Unconstrained build operations Thread 15" [_thread_blocked, id=3324, stack(0x00000033d7a00000,0x00000033d7b00000)]
  0x00000177b10e8be0 JavaThread "Unconstrained build operations Thread 16" [_thread_blocked, id=51928, stack(0x00000033d7b00000,0x00000033d7c00000)]
  0x00000177b10e90f0 JavaThread "Unconstrained build operations Thread 17" [_thread_blocked, id=35916, stack(0x00000033d7c00000,0x00000033d7d00000)]
  0x00000177b10eaf50 JavaThread "Unconstrained build operations Thread 18" [_thread_blocked, id=50116, stack(0x00000033d7d00000,0x00000033d7e00000)]
  0x00000177b10e9600 JavaThread "Unconstrained build operations Thread 19" [_thread_blocked, id=29944, stack(0x00000033d7e00000,0x00000033d7f00000)]
  0x00000177b10e77a0 JavaThread "Unconstrained build operations Thread 20" [_thread_blocked, id=10772, stack(0x00000033d7f00000,0x00000033d8000000)]
  0x00000177b10e81c0 JavaThread "Unconstrained build operations Thread 21" [_thread_blocked, id=14180, stack(0x00000033d8000000,0x00000033d8100000)]
  0x00000177b10ea530 JavaThread "Unconstrained build operations Thread 22" [_thread_blocked, id=56056, stack(0x00000033d8100000,0x00000033d8200000)]
  0x00000177b10eb460 JavaThread "Unconstrained build operations Thread 23" [_thread_blocked, id=41092, stack(0x00000033d8200000,0x00000033d8300000)]
  0x00000177b10e86d0 JavaThread "Unconstrained build operations Thread 24" [_thread_blocked, id=44744, stack(0x00000033d8300000,0x00000033d8400000)]
  0x00000177b10e7cb0 JavaThread "Unconstrained build operations Thread 25" [_thread_blocked, id=42752, stack(0x00000033d8400000,0x00000033d8500000)]
  0x00000177b10ebe80 JavaThread "Unconstrained build operations Thread 26" [_thread_blocked, id=47300, stack(0x00000033d8500000,0x00000033d8600000)]
  0x00000177b10ec390 JavaThread "Unconstrained build operations Thread 27" [_thread_blocked, id=20412, stack(0x00000033d8600000,0x00000033d8700000)]
  0x00000177b10eaa40 JavaThread "Unconstrained build operations Thread 28" [_thread_blocked, id=19336, stack(0x00000033d8700000,0x00000033d8800000)]
  0x00000177b10eb970 JavaThread "Unconstrained build operations Thread 29" [_thread_blocked, id=888, stack(0x00000033d8800000,0x00000033d8900000)]
  0x00000177b10ec8a0 JavaThread "Unconstrained build operations Thread 30" [_thread_blocked, id=53880, stack(0x00000033d8900000,0x00000033d8a00000)]
  0x00000177b10ecdb0 JavaThread "Unconstrained build operations Thread 31" [_thread_blocked, id=2952, stack(0x00000033d8a00000,0x00000033d8b00000)]
  0x00000177b10ed2c0 JavaThread "Unconstrained build operations Thread 32" [_thread_blocked, id=21992, stack(0x00000033d8b00000,0x00000033d8c00000)]
  0x00000177b10e9b10 JavaThread "Unconstrained build operations Thread 33" [_thread_blocked, id=8128, stack(0x00000033d8c00000,0x00000033d8d00000)]
  0x00000177b10ed7d0 JavaThread "Unconstrained build operations Thread 34" [_thread_blocked, id=59492, stack(0x00000033d8d00000,0x00000033d8e00000)]
  0x00000177b10ea020 JavaThread "Unconstrained build operations Thread 35" [_thread_blocked, id=30640, stack(0x00000033d8e00000,0x00000033d8f00000)]
  0x00000177b10edce0 JavaThread "Unconstrained build operations Thread 36" [_thread_blocked, id=33036, stack(0x00000033d8f00000,0x00000033d9000000)]
  0x00000177b10ee1f0 JavaThread "Unconstrained build operations Thread 37" [_thread_blocked, id=58752, stack(0x00000033d9000000,0x00000033d9100000)]
  0x00000177b10ee700 JavaThread "Unconstrained build operations Thread 38" [_thread_blocked, id=33404, stack(0x00000033d9100000,0x00000033d9200000)]
  0x00000177b10eec10 JavaThread "Unconstrained build operations Thread 39" [_thread_blocked, id=4788, stack(0x00000033d9200000,0x00000033d9300000)]
  0x00000177b2cd16d0 JavaThread "build event listener" [_thread_blocked, id=45500, stack(0x00000033d9300000,0x00000033d9400000)]
  0x00000177b2cd3a40 JavaThread "Memory manager" [_thread_blocked, id=26856, stack(0x00000033d9400000,0x00000033d9500000)]
  0x00000177b2cd4970 JavaThread "ForkJoinPool.commonPool-worker-1" daemon [_thread_blocked, id=43540, stack(0x00000033d9500000,0x00000033d9600000)]
  0x00000177b2cd3530 JavaThread "ForkJoinPool.commonPool-worker-2" daemon [_thread_blocked, id=6536, stack(0x00000033d9600000,0x00000033d9700000)]
  0x00000177b2cd20f0 JavaThread "ForkJoinPool.commonPool-worker-3" daemon [_thread_blocked, id=15200, stack(0x00000033d9700000,0x00000033d9800000)]
  0x00000177b2cd3f50 JavaThread "ForkJoinPool.commonPool-worker-4" daemon [_thread_blocked, id=32224, stack(0x00000033d9800000,0x00000033d9900000)]
  0x00000177b2cd4460 JavaThread "ForkJoinPool.commonPool-worker-5" daemon [_thread_blocked, id=23520, stack(0x00000033d9900000,0x00000033d9a00000)]
  0x00000177b2cd1be0 JavaThread "ForkJoinPool.commonPool-worker-6" daemon [_thread_blocked, id=34712, stack(0x00000033d9a00000,0x00000033d9b00000)]
  0x00000177b2cd58a0 JavaThread "ForkJoinPool.commonPool-worker-7" daemon [_thread_blocked, id=53512, stack(0x00000033d9b00000,0x00000033d9c00000)]
  0x00000177b2cd5db0 JavaThread "ForkJoinPool.commonPool-worker-8" daemon [_thread_blocked, id=54536, stack(0x00000033d9c00000,0x00000033d9d00000)]
  0x00000177b2cd2600 JavaThread "ForkJoinPool.commonPool-worker-9" daemon [_thread_blocked, id=62068, stack(0x00000033d9d00000,0x00000033d9e00000)]
  0x00000177b2cd62c0 JavaThread "ForkJoinPool.commonPool-worker-10" daemon [_thread_blocked, id=18244, stack(0x00000033d9e00000,0x00000033d9f00000)]
  0x00000177b2cd2b10 JavaThread "Exec process" daemon [_thread_blocked, id=29316, stack(0x00000033d9f00000,0x00000033da000000)]
  0x00000177b2cd67d0 JavaThread "ForkJoinPool.commonPool-worker-11" daemon [_thread_blocked, id=55960, stack(0x00000033da000000,0x00000033da100000)]
  0x00000177b2cd3020 JavaThread "Exec process Thread 2" daemon [_thread_blocked, id=11220, stack(0x00000033da100000,0x00000033da200000)]
  0x00000177b2cd8630 JavaThread "Exec process Thread 3" daemon [_thread_blocked, id=14468, stack(0x00000033da200000,0x00000033da300000)]
  0x00000177b2cd71f0 JavaThread "included builds" [_thread_blocked, id=4628, stack(0x00000033da300000,0x00000033da400000)]
  0x00000177b2cd7700 JavaThread "Execution worker" [_thread_blocked, id=40316, stack(0x00000033da400000,0x00000033da500000)]
  0x00000177b2cd8120 JavaThread "Execution worker Thread 2" [_thread_blocked, id=42668, stack(0x00000033da500000,0x00000033da600000)]
  0x00000177b2cd7c10 JavaThread "Execution worker Thread 3" [_thread_blocked, id=33120, stack(0x00000033da600000,0x00000033da700000)]
  0x00000177b2cd9050 JavaThread "Execution worker Thread 4" [_thread_blocked, id=38552, stack(0x00000033da700000,0x00000033da800000)]
  0x00000177b2cd8b40 JavaThread "Execution worker Thread 5" [_thread_blocked, id=53948, stack(0x00000033da800000,0x00000033da900000)]
  0x00000177b410a160 JavaThread "Execution worker Thread 6" [_thread_blocked, id=55440, stack(0x00000033da900000,0x00000033daa00000)]
  0x00000177b4108300 JavaThread "Execution worker Thread 7" [_thread_blocked, id=58432, stack(0x00000033daa00000,0x00000033dab00000)]
  0x00000177b4108810 JavaThread "Execution worker Thread 8" [_thread_blocked, id=49592, stack(0x00000033dab00000,0x00000033dac00000)]
  0x00000177b4108d20 JavaThread "Execution worker Thread 9" [_thread_blocked, id=23856, stack(0x00000033dac00000,0x00000033dad00000)]
  0x00000177b4109c50 JavaThread "Execution worker Thread 10" [_thread_blocked, id=38152, stack(0x00000033dad00000,0x00000033dae00000)]
  0x00000177b4109230 JavaThread "Execution worker Thread 11" [_thread_blocked, id=19188, stack(0x00000033dae00000,0x00000033daf00000)]
  0x00000177b4107df0 JavaThread "Cache worker for execution history cache (D:\App-Dev-Projects\CoffeeShop\node_modules\@react-native\gradle-plugin\.gradle\8.14.1\executionHistory)" [_thread_blocked, id=48416, stack(0x00000033daf00000,0x00000033db000000)]
  0x00000177b41078e0 JavaThread "Unconstrained build operations Thread 40" [_thread_blocked, id=37796, stack(0x00000033db000000,0x00000033db100000)]
  0x00000177b4109740 JavaThread "Unconstrained build operations Thread 41" [_thread_blocked, id=62236, stack(0x00000033db100000,0x00000033db200000)]
  0x00000177b410a670 JavaThread "Unconstrained build operations Thread 42" [_thread_blocked, id=32292, stack(0x00000033db200000,0x00000033db300000)]
  0x00000177b410ab80 JavaThread "Unconstrained build operations Thread 43" [_thread_blocked, id=45900, stack(0x00000033db300000,0x00000033db400000)]
  0x00000177b410b090 JavaThread "Unconstrained build operations Thread 44" [_thread_blocked, id=62360, stack(0x00000033db400000,0x00000033db500000)]
  0x00000177b669a300 JavaThread "Unconstrained build operations Thread 45" [_thread_blocked, id=32616, stack(0x00000033db500000,0x00000033db600000)]
  0x00000177b6697a80 JavaThread "Unconstrained build operations Thread 46" [_thread_blocked, id=35136, stack(0x00000033db600000,0x00000033db700000)]
  0x00000177b6697570 JavaThread "Unconstrained build operations Thread 47" [_thread_blocked, id=61404, stack(0x00000033db700000,0x00000033db800000)]
  0x00000177b66984a0 JavaThread "Unconstrained build operations Thread 48" [_thread_blocked, id=7612, stack(0x00000033db800000,0x00000033db900000)]
  0x00000177b6697f90 JavaThread "Unconstrained build operations Thread 49" [_thread_blocked, id=57288, stack(0x00000033db900000,0x00000033dba00000)]
  0x00000177b66998e0 JavaThread "Unconstrained build operations Thread 50" [_thread_blocked, id=44752, stack(0x00000033dba00000,0x00000033dbb00000)]
  0x00000177b669a810 JavaThread "Unconstrained build operations Thread 51" [_thread_blocked, id=44416, stack(0x00000033dbb00000,0x00000033dbc00000)]
  0x00000177b66993d0 JavaThread "Unconstrained build operations Thread 52" [_thread_blocked, id=35348, stack(0x00000033dbc00000,0x00000033dbd00000)]
  0x00000177b6699df0 JavaThread "Unconstrained build operations Thread 53" [_thread_blocked, id=58804, stack(0x00000033dbd00000,0x00000033dbe00000)]
  0x00000177b66989b0 JavaThread "Unconstrained build operations Thread 54" [_thread_blocked, id=22680, stack(0x00000033dbe00000,0x00000033dbf00000)]
  0x00000177b6697060 JavaThread "Unconstrained build operations Thread 55" [_thread_blocked, id=46424, stack(0x00000033dbf00000,0x00000033dc000000)]
  0x00000177b669b230 JavaThread "Unconstrained build operations Thread 56" [_thread_blocked, id=59436, stack(0x00000033dc000000,0x00000033dc100000)]
  0x00000177b669ad20 JavaThread "Unconstrained build operations Thread 57" [_thread_blocked, id=32172, stack(0x00000033dc100000,0x00000033dc200000)]
  0x00000177b669b740 JavaThread "Unconstrained build operations Thread 58" [_thread_blocked, id=26628, stack(0x00000033dc200000,0x00000033dc300000)]
  0x00000177b669bc50 JavaThread "Unconstrained build operations Thread 59" [_thread_blocked, id=6104, stack(0x00000033dc300000,0x00000033dc400000)]
  0x00000177b669c160 JavaThread "Unconstrained build operations Thread 60" [_thread_blocked, id=36440, stack(0x00000033dc400000,0x00000033dc500000)]
  0x00000177b669c670 JavaThread "Unconstrained build operations Thread 61" [_thread_blocked, id=17168, stack(0x00000033dc500000,0x00000033dc600000)]
  0x00000177b6698ec0 JavaThread "Unconstrained build operations Thread 62" [_thread_blocked, id=46516, stack(0x00000033dc600000,0x00000033dc700000)]
  0x00000177b669cb80 JavaThread "Unconstrained build operations Thread 63" [_thread_blocked, id=19040, stack(0x00000033dc700000,0x00000033dc800000)]
  0x00000177b669d090 JavaThread "Unconstrained build operations Thread 64" [_thread_blocked, id=59592, stack(0x00000033dc800000,0x00000033dc900000)]
  0x00000177b669d5a0 JavaThread "Unconstrained build operations Thread 65" [_thread_blocked, id=56560, stack(0x00000033dc900000,0x00000033dca00000)]
  0x00000177b669dfc0 JavaThread "Unconstrained build operations Thread 66" [_thread_blocked, id=37052, stack(0x00000033dcb00000,0x00000033dcc00000)]
  0x00000177b669dab0 JavaThread "Unconstrained build operations Thread 67" [_thread_blocked, id=57496, stack(0x00000033dcc00000,0x00000033dcd00000)]
  0x00000177b669e4d0 JavaThread "Unconstrained build operations Thread 68" [_thread_blocked, id=52536, stack(0x00000033dcd00000,0x00000033dce00000)]
  0x00000177b669e9e0 JavaThread "Unconstrained build operations Thread 69" [_thread_blocked, id=50952, stack(0x00000033dce00000,0x00000033dcf00000)]
  0x00000177b3eadcd0 JavaThread "Unconstrained build operations Thread 70" [_thread_blocked, id=61820, stack(0x00000033dcf00000,0x00000033dd000000)]
  0x00000177b3eabe70 JavaThread "Unconstrained build operations Thread 71" [_thread_blocked, id=20404, stack(0x00000033dd000000,0x00000033dd100000)]
  0x00000177b3eae1e0 JavaThread "Unconstrained build operations Thread 72" [_thread_blocked, id=52660, stack(0x00000033dd100000,0x00000033dd200000)]
  0x00000177b3eaaa30 JavaThread "Unconstrained build operations Thread 73" [_thread_blocked, id=42112, stack(0x00000033dd200000,0x00000033dd300000)]
  0x00000177b3eab960 JavaThread "Unconstrained build operations Thread 74" [_thread_blocked, id=26284, stack(0x00000033dd300000,0x00000033dd400000)]
  0x00000177b3ead7c0 JavaThread "Unconstrained build operations Thread 75" [_thread_blocked, id=46184, stack(0x00000033dd400000,0x00000033dd500000)]
  0x00000177b3eaaf40 JavaThread "Unconstrained build operations Thread 76" [_thread_blocked, id=52380, stack(0x00000033dd500000,0x00000033dd600000)]
  0x00000177b3eae6f0 JavaThread "Unconstrained build operations Thread 77" [_thread_blocked, id=28444, stack(0x00000033dd600000,0x00000033dd700000)]
  0x00000177b3eaec00 JavaThread "Unconstrained build operations Thread 78" [_thread_blocked, id=33828, stack(0x00000033dd700000,0x00000033dd800000)]
  0x00000177b3eab450 JavaThread "Unconstrained build operations Thread 79" [_thread_blocked, id=35396, stack(0x00000033dd800000,0x00000033dd900000)]
  0x00000177b3eafb30 JavaThread "Unconstrained build operations Thread 80" [_thread_blocked, id=51964, stack(0x00000033dd900000,0x00000033dda00000)]
  0x00000177b3eacda0 JavaThread "Unconstrained build operations Thread 81" [_thread_blocked, id=21316, stack(0x00000033dda00000,0x00000033ddb00000)]
  0x00000177b3ead2b0 JavaThread "Unconstrained build operations Thread 82" [_thread_blocked, id=21324, stack(0x00000033ddc00000,0x00000033ddd00000)]
  0x00000177b3eaf110 JavaThread "Unconstrained build operations Thread 83" [_thread_blocked, id=50912, stack(0x00000033ddd00000,0x00000033dde00000)]
  0x00000177b3eac890 JavaThread "Unconstrained build operations Thread 84" [_thread_blocked, id=19304, stack(0x00000033dde00000,0x00000033ddf00000)]
  0x00000177b3eac380 JavaThread "Unconstrained build operations Thread 85" [_thread_blocked, id=31976, stack(0x00000033ddf00000,0x00000033de000000)]
  0x00000177b3eb0550 JavaThread "Unconstrained build operations Thread 86" [_thread_blocked, id=3096, stack(0x00000033de000000,0x00000033de100000)]
  0x00000177b3eb0040 JavaThread "Unconstrained build operations Thread 87" [_thread_blocked, id=51988, stack(0x00000033de100000,0x00000033de200000)]
  0x00000177b3eb23b0 JavaThread "Unconstrained build operations Thread 88" [_thread_blocked, id=10744, stack(0x00000033de200000,0x00000033de300000)]
  0x00000177b3eb0a60 JavaThread "Unconstrained build operations Thread 89" [_thread_blocked, id=35948, stack(0x00000033de300000,0x00000033de400000)]
  0x00000177b3eaf620 JavaThread "Unconstrained build operations Thread 90" [_thread_blocked, id=48604, stack(0x00000033de400000,0x00000033de500000)]
  0x00000177b3eb0f70 JavaThread "Unconstrained build operations Thread 91" [_thread_blocked, id=45408, stack(0x00000033de500000,0x00000033de600000)]
  0x00000177b3eb1480 JavaThread "Unconstrained build operations Thread 92" [_thread_blocked, id=54100, stack(0x00000033de600000,0x00000033de700000)]
  0x00000177b3eb1990 JavaThread "Unconstrained build operations Thread 93" [_thread_blocked, id=42936, stack(0x00000033de700000,0x00000033de800000)]
  0x00000177b3eb1ea0 JavaThread "Unconstrained build operations Thread 94" [_thread_blocked, id=28200, stack(0x00000033de800000,0x00000033de900000)]
  0x00000177b453ce60 JavaThread "Unconstrained build operations Thread 95" [_thread_blocked, id=59356, stack(0x00000033de900000,0x00000033dea00000)]
  0x00000177b453d880 JavaThread "Unconstrained build operations Thread 96" [_thread_blocked, id=33740, stack(0x00000033dea00000,0x00000033deb00000)]
  0x00000177b453e2a0 JavaThread "Unconstrained build operations Thread 97" [_thread_blocked, id=55544, stack(0x00000033deb00000,0x00000033dec00000)]
  0x00000177b453ba20 JavaThread "Unconstrained build operations Thread 98" [_thread_blocked, id=9932, stack(0x00000033dec00000,0x00000033ded00000)]
  0x00000177b453d370 JavaThread "Unconstrained build operations Thread 99" [_thread_blocked, id=52152, stack(0x00000033ded00000,0x00000033dee00000)]
  0x00000177b453dd90 JavaThread "Unconstrained build operations Thread 100" [_thread_blocked, id=41688, stack(0x00000033dee00000,0x00000033def00000)]
  0x00000177b453aaf0 JavaThread "Unconstrained build operations Thread 101" [_thread_blocked, id=18208, stack(0x00000033def00000,0x00000033df000000)]
  0x00000177b453bf30 JavaThread "Unconstrained build operations Thread 102" [_thread_blocked, id=29136, stack(0x00000033df000000,0x00000033df100000)]
  0x00000177b453e7b0 JavaThread "Unconstrained build operations Thread 103" [_thread_blocked, id=56900, stack(0x00000033df100000,0x00000033df200000)]
  0x00000177b453b000 JavaThread "Unconstrained build operations Thread 104" [_thread_blocked, id=56136, stack(0x00000033df200000,0x00000033df300000)]
  0x00000177b453b510 JavaThread "Unconstrained build operations Thread 105" [_thread_blocked, id=17096, stack(0x00000033df300000,0x00000033df400000)]
  0x00000177b453ecc0 JavaThread "Unconstrained build operations Thread 106" [_thread_blocked, id=31188, stack(0x00000033df400000,0x00000033df500000)]
  0x00000177b453f1d0 JavaThread "Unconstrained build operations Thread 107" [_thread_blocked, id=29548, stack(0x00000033df500000,0x00000033df600000)]
  0x00000177b453f6e0 JavaThread "Unconstrained build operations Thread 108" [_thread_blocked, id=35988, stack(0x00000033df600000,0x00000033df700000)]
  0x00000177b453fbf0 JavaThread "Unconstrained build operations Thread 109" [_thread_blocked, id=36584, stack(0x00000033df700000,0x00000033df800000)]
  0x00000177b453c440 JavaThread "Unconstrained build operations Thread 110" [_thread_blocked, id=23412, stack(0x00000033df800000,0x00000033df900000)]
  0x00000177b4540100 JavaThread "Unconstrained build operations Thread 111" [_thread_blocked, id=4856, stack(0x00000033df900000,0x00000033dfa00000)]
  0x00000177b453c950 JavaThread "Unconstrained build operations Thread 112" [_thread_blocked, id=40944, stack(0x00000033dfa00000,0x00000033dfb00000)]
  0x00000177b4540610 JavaThread "Unconstrained build operations Thread 113" [_thread_blocked, id=57320, stack(0x00000033dfb00000,0x00000033dfc00000)]
  0x00000177b4541f60 JavaThread "Unconstrained build operations Thread 114" [_thread_blocked, id=39684, stack(0x00000033dfc00000,0x00000033dfd00000)]
  0x00000177b4540b20 JavaThread "jar transforms Thread 2" [_thread_blocked, id=3868, stack(0x00000033dfe00000,0x00000033dff00000)]
=>0x00000177b561eb10 JavaThread "C2 CompilerThread1" daemon [_thread_in_native, id=20172, stack(0x00000033dfd00000,0x00000033dfe00000)]
  0x00000177b5620050 JavaThread "C2 CompilerThread2" daemon [_thread_in_native, id=50260, stack(0x00000033dff00000,0x00000033e0000000)]
  0x00000177b4541030 JavaThread "jar transforms Thread 3" [_thread_blocked, id=22792, stack(0x00000033e0000000,0x00000033e0100000)]

Other Threads:
  0x00000177915dd060 VMThread "VM Thread" [stack: 0x00000033d3c00000,0x00000033d3d00000] [id=51736]
  0x00000177f2f56090 WatcherThread [stack: 0x00000033d4800000,0x00000033d4900000] [id=37200]
  0x00000177f2f36530 GCTaskThread "GC Thread#0" [stack: 0x00000033d3700000,0x00000033d3800000] [id=36176]
  0x0000017791aa2c90 GCTaskThread "GC Thread#1" [stack: 0x00000033d4900000,0x00000033d4a00000] [id=53280]
  0x0000017791b370d0 GCTaskThread "GC Thread#2" [stack: 0x00000033d4a00000,0x00000033d4b00000] [id=59252]
  0x00000177b19abeb0 GCTaskThread "GC Thread#3" [stack: 0x00000033d4b00000,0x00000033d4c00000] [id=18664]
  0x00000177b19ac170 GCTaskThread "GC Thread#4" [stack: 0x00000033d4c00000,0x00000033d4d00000] [id=28468]
  0x00000177b2dfa100 GCTaskThread "GC Thread#5" [stack: 0x00000033d5a00000,0x00000033d5b00000] [id=29904]
  0x00000177b2df9600 GCTaskThread "GC Thread#6" [stack: 0x00000033d5b00000,0x00000033d5c00000] [id=55008]
  0x00000177b2dfa680 GCTaskThread "GC Thread#7" [stack: 0x00000033d5c00000,0x00000033d5d00000] [id=24336]
  0x00000177b2dfa3c0 GCTaskThread "GC Thread#8" [stack: 0x00000033d5d00000,0x00000033d5e00000] [id=33604]
  0x00000177b2dfa940 GCTaskThread "GC Thread#9" [stack: 0x00000033d5e00000,0x00000033d5f00000] [id=10128]
  0x00000177f2f48150 ConcurrentGCThread "G1 Main Marker" [stack: 0x00000033d3800000,0x00000033d3900000] [id=43852]
  0x00000177f2f48b60 ConcurrentGCThread "G1 Conc#0" [stack: 0x00000033d3900000,0x00000033d3a00000] [id=42688]
  0x00000177b2dfac00 ConcurrentGCThread "G1 Conc#1" [stack: 0x00000033d6200000,0x00000033d6300000] [id=55256]
  0x00000177b2df9080 ConcurrentGCThread "G1 Conc#2" [stack: 0x00000033d6300000,0x00000033d6400000] [id=35676]
  0x00000177914924d0 ConcurrentGCThread "G1 Refine#0" [stack: 0x00000033d3a00000,0x00000033d3b00000] [id=21956]
  0x0000017791493db0 ConcurrentGCThread "G1 Service" [stack: 0x00000033d3b00000,0x00000033d3c00000] [id=24012]

Threads with active compile tasks:
C2 CompilerThread0    38144 10078       4       org.objectweb.asm.Frame::putAbstractType (407 bytes)
C2 CompilerThread1    38144 9988   !   4       org.gradle.internal.service.DefaultServiceRegistry$ManagedObjectServiceProvider::getInstance (47 bytes)
C2 CompilerThread2    38144 10079       4       org.objectweb.asm.AnnotationWriter::computeAnnotationsSize (66 bytes)

VM state: not at safepoint (normal execution)

VM Mutex/Monitor currently owned by a thread: None

Heap address: 0x0000000080000000, size: 2048 MB, Compressed Oops mode: 32-bit

CDS archive(s) mapped at: [0x0000017792000000-0x0000017792bd0000-0x0000017792bd0000), size 12386304, SharedBaseAddress: 0x0000017792000000, ArchiveRelocationMode: 1.
Compressed class space mapped at: 0x0000017793000000-0x00000177ad000000, reserved size: 436207616
Narrow klass base: 0x0000017792000000, Narrow klass shift: 0, Narrow klass range: 0x100000000

GC Precious Log:
 CPUs: 12 total, 12 available
 Memory: 7916M
 Large Page Support: Disabled
 NUMA Support: Disabled
 Compressed Oops: Enabled (32-bit)
 Heap Region Size: 1M
 Heap Min Capacity: 8M
 Heap Initial Capacity: 124M
 Heap Max Capacity: 2G
 Pre-touch: Disabled
 Parallel Workers: 10
 Concurrent Workers: 3
 Concurrent Refinement Workers: 10
 Periodic GC: Disabled

Heap:
 garbage-first heap   total 135168K, used 97898K [0x0000000080000000, 0x0000000100000000)
  region size 1024K, 24 young (24576K), 4 survivors (4096K)
 Metaspace       used 78628K, committed 79616K, reserved 557056K
  class space    used 10969K, committed 11456K, reserved 425984K

Heap Regions: E=young(eden), S=young(survivor), O=old, HS=humongous(starts), HC=humongous(continues), CS=collection set, F=free, OA=open archive, CA=closed archive, TAMS=top-at-mark-start (previous, next)
|   0|0x0000000080000000, 0x0000000080100000, 0x0000000080100000|100%|HS|  |TAMS 0x0000000080100000, 0x0000000080000000| Complete 
|   1|0x0000000080100000, 0x0000000080200000, 0x0000000080200000|100%|HC|  |TAMS 0x0000000080200000, 0x0000000080100000| Complete 
|   2|0x0000000080200000, 0x0000000080300000, 0x0000000080300000|100%|HC|  |TAMS 0x0000000080300000, 0x0000000080200000| Complete 
|   3|0x0000000080300000, 0x0000000080400000, 0x0000000080400000|100%| O|  |TAMS 0x0000000080400000, 0x0000000080300000| Untracked 
|   4|0x0000000080400000, 0x0000000080500000, 0x0000000080500000|100%| O|  |TAMS 0x0000000080500000, 0x0000000080400000| Untracked 
|   5|0x0000000080500000, 0x0000000080600000, 0x0000000080600000|100%| O|  |TAMS 0x0000000080600000, 0x0000000080500000| Untracked 
|   6|0x0000000080600000, 0x0000000080700000, 0x0000000080700000|100%|HS|  |TAMS 0x0000000080700000, 0x0000000080600000| Complete 
|   7|0x0000000080700000, 0x0000000080800000, 0x0000000080800000|100%| O|  |TAMS 0x0000000080800000, 0x0000000080700000| Untracked 
|   8|0x0000000080800000, 0x0000000080900000, 0x0000000080900000|100%| O|  |TAMS 0x0000000080900000, 0x0000000080800000| Untracked 
|   9|0x0000000080900000, 0x0000000080a00000, 0x0000000080a00000|100%| O|  |TAMS 0x0000000080a00000, 0x0000000080900000| Untracked 
|  10|0x0000000080a00000, 0x0000000080b00000, 0x0000000080b00000|100%| O|  |TAMS 0x0000000080b00000, 0x0000000080a00000| Untracked 
|  11|0x0000000080b00000, 0x0000000080c00000, 0x0000000080c00000|100%| O|  |TAMS 0x0000000080c00000, 0x0000000080b00000| Untracked 
|  12|0x0000000080c00000, 0x0000000080d00000, 0x0000000080d00000|100%| O|  |TAMS 0x0000000080d00000, 0x0000000080c00000| Untracked 
|  13|0x0000000080d00000, 0x0000000080e00000, 0x0000000080e00000|100%| O|  |TAMS 0x0000000080e00000, 0x0000000080d00000| Untracked 
|  14|0x0000000080e00000, 0x0000000080f00000, 0x0000000080f00000|100%| O|  |TAMS 0x0000000080f00000, 0x0000000080e00000| Untracked 
|  15|0x0000000080f00000, 0x0000000081000000, 0x0000000081000000|100%| O|  |TAMS 0x0000000081000000, 0x0000000080f00000| Untracked 
|  16|0x0000000081000000, 0x0000000081100000, 0x0000000081100000|100%| O|  |TAMS 0x0000000081100000, 0x0000000081000000| Untracked 
|  17|0x0000000081100000, 0x0000000081200000, 0x0000000081200000|100%| O|  |TAMS 0x0000000081200000, 0x0000000081100000| Untracked 
|  18|0x0000000081200000, 0x0000000081300000, 0x0000000081300000|100%| O|  |TAMS 0x0000000081300000, 0x0000000081200000| Untracked 
|  19|0x0000000081300000, 0x0000000081400000, 0x0000000081400000|100%| O|  |TAMS 0x0000000081400000, 0x0000000081300000| Untracked 
|  20|0x0000000081400000, 0x0000000081500000, 0x0000000081500000|100%| O|  |TAMS 0x0000000081500000, 0x0000000081400000| Untracked 
|  21|0x0000000081500000, 0x0000000081600000, 0x0000000081600000|100%| O|  |TAMS 0x0000000081600000, 0x0000000081500000| Complete 
|  22|0x0000000081600000, 0x0000000081700000, 0x0000000081700000|100%| O|  |TAMS 0x0000000081700000, 0x0000000081600000| Untracked 
|  23|0x0000000081700000, 0x0000000081800000, 0x0000000081800000|100%| O|  |TAMS 0x0000000081800000, 0x0000000081700000| Untracked 
|  24|0x0000000081800000, 0x0000000081900000, 0x0000000081900000|100%| O|  |TAMS 0x0000000081900000, 0x0000000081800000| Untracked 
|  25|0x0000000081900000, 0x0000000081a00000, 0x0000000081a00000|100%| O|  |TAMS 0x0000000081a00000, 0x0000000081900000| Untracked 
|  26|0x0000000081a00000, 0x0000000081b00000, 0x0000000081b00000|100%| O|  |TAMS 0x0000000081b00000, 0x0000000081a00000| Untracked 
|  27|0x0000000081b00000, 0x0000000081c00000, 0x0000000081c00000|100%| O|  |TAMS 0x0000000081c00000, 0x0000000081b00000| Untracked 
|  28|0x0000000081c00000, 0x0000000081d00000, 0x0000000081d00000|100%|HS|  |TAMS 0x0000000081d00000, 0x0000000081c00000| Complete 
|  29|0x0000000081d00000, 0x0000000081e00000, 0x0000000081e00000|100%|HC|  |TAMS 0x0000000081e00000, 0x0000000081d00000| Complete 
|  30|0x0000000081e00000, 0x0000000081f00000, 0x0000000081f00000|100%|HC|  |TAMS 0x0000000081f00000, 0x0000000081e00000| Complete 
|  31|0x0000000081f00000, 0x0000000082000000, 0x0000000082000000|100%| O|  |TAMS 0x0000000082000000, 0x0000000081f00000| Untracked 
|  32|0x0000000082000000, 0x0000000082100000, 0x0000000082100000|100%| O|  |TAMS 0x0000000082100000, 0x0000000082000000| Untracked 
|  33|0x0000000082100000, 0x0000000082200000, 0x0000000082200000|100%| O|  |TAMS 0x0000000082200000, 0x0000000082100000| Untracked 
|  34|0x0000000082200000, 0x0000000082300000, 0x0000000082300000|100%| O|  |TAMS 0x0000000082300000, 0x0000000082200000| Complete 
|  35|0x0000000082300000, 0x0000000082400000, 0x0000000082400000|100%| O|  |TAMS 0x0000000082400000, 0x0000000082300000| Untracked 
|  36|0x0000000082400000, 0x0000000082500000, 0x0000000082500000|100%| O|  |TAMS 0x0000000082500000, 0x0000000082400000| Untracked 
|  37|0x0000000082500000, 0x0000000082600000, 0x0000000082600000|100%|HS|  |TAMS 0x0000000082600000, 0x0000000082500000| Complete 
|  38|0x0000000082600000, 0x0000000082700000, 0x0000000082700000|100%|HC|  |TAMS 0x0000000082700000, 0x0000000082600000| Complete 
|  39|0x0000000082700000, 0x0000000082800000, 0x0000000082800000|100%|HC|  |TAMS 0x0000000082800000, 0x0000000082700000| Complete 
|  40|0x0000000082800000, 0x0000000082900000, 0x0000000082900000|100%|HS|  |TAMS 0x0000000082800000, 0x0000000082800000| Complete 
|  41|0x0000000082900000, 0x0000000082a00000, 0x0000000082a00000|100%| O|  |TAMS 0x0000000082a00000, 0x0000000082900000| Untracked 
|  42|0x0000000082a00000, 0x0000000082b00000, 0x0000000082b00000|100%| O|  |TAMS 0x0000000082b00000, 0x0000000082a00000| Untracked 
|  43|0x0000000082b00000, 0x0000000082c00000, 0x0000000082c00000|100%| O|  |TAMS 0x0000000082c00000, 0x0000000082b00000| Untracked 
|  44|0x0000000082c00000, 0x0000000082d00000, 0x0000000082d00000|100%| O|  |TAMS 0x0000000082d00000, 0x0000000082c00000| Untracked 
|  45|0x0000000082d00000, 0x0000000082e00000, 0x0000000082e00000|100%| O|  |TAMS 0x0000000082e00000, 0x0000000082d00000| Untracked 
|  46|0x0000000082e00000, 0x0000000082f00000, 0x0000000082f00000|100%| O|  |TAMS 0x0000000082f00000, 0x0000000082e00000| Untracked 
|  47|0x0000000082f00000, 0x0000000083000000, 0x0000000083000000|100%| O|  |TAMS 0x0000000083000000, 0x0000000082f00000| Untracked 
|  48|0x0000000083000000, 0x0000000083100000, 0x0000000083100000|100%| O|  |TAMS 0x0000000083100000, 0x0000000083000000| Untracked 
|  49|0x0000000083100000, 0x0000000083200000, 0x0000000083200000|100%| O|  |TAMS 0x0000000083200000, 0x0000000083100000| Untracked 
|  50|0x0000000083200000, 0x0000000083300000, 0x0000000083300000|100%| O|  |TAMS 0x0000000083300000, 0x0000000083200000| Untracked 
|  51|0x0000000083300000, 0x0000000083400000, 0x0000000083400000|100%| O|  |TAMS 0x0000000083400000, 0x0000000083300000| Untracked 
|  52|0x0000000083400000, 0x0000000083500000, 0x0000000083500000|100%| O|  |TAMS 0x0000000083500000, 0x0000000083400000| Untracked 
|  53|0x0000000083500000, 0x0000000083600000, 0x0000000083600000|100%| O|  |TAMS 0x0000000083600000, 0x0000000083500000| Untracked 
|  54|0x0000000083600000, 0x0000000083700000, 0x0000000083700000|100%| O|  |TAMS 0x0000000083700000, 0x0000000083600000| Untracked 
|  55|0x0000000083700000, 0x0000000083800000, 0x0000000083800000|100%| O|  |TAMS 0x0000000083800000, 0x0000000083700000| Untracked 
|  56|0x0000000083800000, 0x0000000083900000, 0x0000000083900000|100%| O|  |TAMS 0x0000000083900000, 0x0000000083800000| Untracked 
|  57|0x0000000083900000, 0x0000000083a00000, 0x0000000083a00000|100%| O|  |TAMS 0x0000000083a00000, 0x0000000083900000| Untracked 
|  58|0x0000000083a00000, 0x0000000083b00000, 0x0000000083b00000|100%| O|  |TAMS 0x0000000083b00000, 0x0000000083a00000| Untracked 
|  59|0x0000000083b00000, 0x0000000083c00000, 0x0000000083c00000|100%| O|  |TAMS 0x0000000083c00000, 0x0000000083b00000| Untracked 
|  60|0x0000000083c00000, 0x0000000083d00000, 0x0000000083d00000|100%| O|  |TAMS 0x0000000083d00000, 0x0000000083c00000| Untracked 
|  61|0x0000000083d00000, 0x0000000083e00000, 0x0000000083e00000|100%| O|  |TAMS 0x0000000083e00000, 0x0000000083d00000| Untracked 
|  62|0x0000000083e00000, 0x0000000083f00000, 0x0000000083f00000|100%| O|  |TAMS 0x0000000083f00000, 0x0000000083e00000| Untracked 
|  63|0x0000000083f00000, 0x0000000084000000, 0x0000000084000000|100%|HS|  |TAMS 0x0000000084000000, 0x0000000083f00000| Complete 
|  64|0x0000000084000000, 0x0000000084100000, 0x0000000084100000|100%|HC|  |TAMS 0x0000000084100000, 0x0000000084000000| Complete 
|  65|0x0000000084100000, 0x0000000084200000, 0x0000000084200000|100%|HC|  |TAMS 0x0000000084200000, 0x0000000084100000| Complete 
|  66|0x0000000084200000, 0x0000000084300000, 0x0000000084300000|100%| O|  |TAMS 0x0000000084300000, 0x0000000084200000| Untracked 
|  67|0x0000000084300000, 0x0000000084400000, 0x0000000084400000|100%| O|  |TAMS 0x0000000084400000, 0x0000000084300000| Untracked 
|  68|0x0000000084400000, 0x0000000084500000, 0x0000000084500000|100%| O|  |TAMS 0x0000000084500000, 0x0000000084400000| Untracked 
|  69|0x0000000084500000, 0x0000000084600000, 0x0000000084600000|100%| O|  |TAMS 0x0000000084600000, 0x0000000084500000| Untracked 
|  70|0x0000000084600000, 0x0000000084700000, 0x0000000084700000|100%| O|  |TAMS 0x0000000084700000, 0x0000000084600000| Untracked 
|  71|0x0000000084700000, 0x0000000084800000, 0x0000000084800000|100%| O|  |TAMS 0x0000000084800000, 0x0000000084700000| Untracked 
|  72|0x0000000084800000, 0x0000000084900000, 0x0000000084900000|100%| O|  |TAMS 0x0000000084900000, 0x0000000084800000| Untracked 
|  73|0x0000000084900000, 0x0000000084915400, 0x0000000084a00000|  8%| O|  |TAMS 0x0000000084915400, 0x0000000084900000| Untracked 
|  74|0x0000000084a00000, 0x0000000084a00000, 0x0000000084b00000|  0%| F|  |TAMS 0x0000000084a00000, 0x0000000084a00000| Untracked 
|  75|0x0000000084b00000, 0x0000000084b00000, 0x0000000084c00000|  0%| F|  |TAMS 0x0000000084b00000, 0x0000000084b00000| Untracked 
|  76|0x0000000084c00000, 0x0000000084c00000, 0x0000000084d00000|  0%| F|  |TAMS 0x0000000084c00000, 0x0000000084c00000| Untracked 
|  77|0x0000000084d00000, 0x0000000084d00000, 0x0000000084e00000|  0%| F|  |TAMS 0x0000000084d00000, 0x0000000084d00000| Untracked 
|  78|0x0000000084e00000, 0x0000000084e00000, 0x0000000084f00000|  0%| F|  |TAMS 0x0000000084e00000, 0x0000000084e00000| Untracked 
|  79|0x0000000084f00000, 0x0000000084f00000, 0x0000000085000000|  0%| F|  |TAMS 0x0000000084f00000, 0x0000000084f00000| Untracked 
|  80|0x0000000085000000, 0x0000000085000000, 0x0000000085100000|  0%| F|  |TAMS 0x0000000085000000, 0x0000000085000000| Untracked 
|  81|0x0000000085100000, 0x0000000085100000, 0x0000000085200000|  0%| F|  |TAMS 0x0000000085100000, 0x0000000085100000| Untracked 
|  82|0x0000000085200000, 0x0000000085200000, 0x0000000085300000|  0%| F|  |TAMS 0x0000000085200000, 0x0000000085200000| Untracked 
|  83|0x0000000085300000, 0x0000000085300000, 0x0000000085400000|  0%| F|  |TAMS 0x0000000085300000, 0x0000000085300000| Untracked 
|  84|0x0000000085400000, 0x0000000085400000, 0x0000000085500000|  0%| F|  |TAMS 0x0000000085400000, 0x0000000085400000| Untracked 
|  85|0x0000000085500000, 0x0000000085500000, 0x0000000085600000|  0%| F|  |TAMS 0x0000000085500000, 0x0000000085500000| Untracked 
|  86|0x0000000085600000, 0x0000000085600000, 0x0000000085700000|  0%| F|  |TAMS 0x0000000085600000, 0x0000000085600000| Untracked 
|  87|0x0000000085700000, 0x0000000085700000, 0x0000000085800000|  0%| F|  |TAMS 0x0000000085700000, 0x0000000085700000| Untracked 
|  88|0x0000000085800000, 0x0000000085800000, 0x0000000085900000|  0%| F|  |TAMS 0x0000000085800000, 0x0000000085800000| Untracked 
|  89|0x0000000085900000, 0x0000000085900000, 0x0000000085a00000|  0%| F|  |TAMS 0x0000000085900000, 0x0000000085900000| Untracked 
|  90|0x0000000085a00000, 0x0000000085a00000, 0x0000000085b00000|  0%| F|  |TAMS 0x0000000085a00000, 0x0000000085a00000| Untracked 
|  91|0x0000000085b00000, 0x0000000085b00000, 0x0000000085c00000|  0%| F|  |TAMS 0x0000000085b00000, 0x0000000085b00000| Untracked 
|  92|0x0000000085c00000, 0x0000000085c00000, 0x0000000085d00000|  0%| F|  |TAMS 0x0000000085c00000, 0x0000000085c00000| Untracked 
|  93|0x0000000085d00000, 0x0000000085d00000, 0x0000000085e00000|  0%| F|  |TAMS 0x0000000085d00000, 0x0000000085d00000| Untracked 
|  94|0x0000000085e00000, 0x0000000085e00000, 0x0000000085f00000|  0%| F|  |TAMS 0x0000000085e00000, 0x0000000085e00000| Untracked 
|  95|0x0000000085f00000, 0x0000000085f00000, 0x0000000086000000|  0%| F|  |TAMS 0x0000000085f00000, 0x0000000085f00000| Untracked 
|  96|0x0000000086000000, 0x0000000086000000, 0x0000000086100000|  0%| F|  |TAMS 0x0000000086000000, 0x0000000086000000| Untracked 
|  97|0x0000000086100000, 0x0000000086100000, 0x0000000086200000|  0%| F|  |TAMS 0x0000000086100000, 0x0000000086100000| Untracked 
|  98|0x0000000086200000, 0x0000000086200000, 0x0000000086300000|  0%| F|  |TAMS 0x0000000086200000, 0x0000000086200000| Untracked 
|  99|0x0000000086300000, 0x0000000086300000, 0x0000000086400000|  0%| F|  |TAMS 0x0000000086300000, 0x0000000086300000| Untracked 
| 100|0x0000000086400000, 0x0000000086400000, 0x0000000086500000|  0%| F|  |TAMS 0x0000000086400000, 0x0000000086400000| Untracked 
| 101|0x0000000086500000, 0x0000000086500000, 0x0000000086600000|  0%| F|  |TAMS 0x0000000086500000, 0x0000000086500000| Untracked 
| 102|0x0000000086600000, 0x0000000086600000, 0x0000000086700000|  0%| F|  |TAMS 0x0000000086600000, 0x0000000086600000| Untracked 
| 103|0x0000000086700000, 0x0000000086700000, 0x0000000086800000|  0%| F|  |TAMS 0x0000000086700000, 0x0000000086700000| Untracked 
| 104|0x0000000086800000, 0x0000000086800000, 0x0000000086900000|  0%| F|  |TAMS 0x0000000086800000, 0x0000000086800000| Untracked 
| 105|0x0000000086900000, 0x0000000086985538, 0x0000000086a00000| 52%| S|CS|TAMS 0x0000000086900000, 0x0000000086900000| Complete 
| 106|0x0000000086a00000, 0x0000000086b00000, 0x0000000086b00000|100%| S|CS|TAMS 0x0000000086a00000, 0x0000000086a00000| Complete 
| 107|0x0000000086b00000, 0x0000000086c00000, 0x0000000086c00000|100%| S|CS|TAMS 0x0000000086b00000, 0x0000000086b00000| Complete 
| 108|0x0000000086c00000, 0x0000000086d00000, 0x0000000086d00000|100%| S|CS|TAMS 0x0000000086c00000, 0x0000000086c00000| Complete 
| 109|0x0000000086d00000, 0x0000000086d00000, 0x0000000086e00000|  0%| F|  |TAMS 0x0000000086d00000, 0x0000000086d00000| Untracked 
| 110|0x0000000086e00000, 0x0000000086e00000, 0x0000000086f00000|  0%| F|  |TAMS 0x0000000086e00000, 0x0000000086e00000| Untracked 
| 111|0x0000000086f00000, 0x0000000086f00000, 0x0000000087000000|  0%| F|  |TAMS 0x0000000086f00000, 0x0000000086f00000| Untracked 
| 112|0x0000000087000000, 0x00000000870b12c8, 0x0000000087100000| 69%| E|  |TAMS 0x0000000087000000, 0x0000000087000000| Complete 
| 113|0x0000000087100000, 0x0000000087200000, 0x0000000087200000|100%| E|CS|TAMS 0x0000000087100000, 0x0000000087100000| Complete 
| 114|0x0000000087200000, 0x0000000087300000, 0x0000000087300000|100%| E|CS|TAMS 0x0000000087200000, 0x0000000087200000| Complete 
| 115|0x0000000087300000, 0x0000000087400000, 0x0000000087400000|100%| E|CS|TAMS 0x0000000087300000, 0x0000000087300000| Complete 
| 116|0x0000000087400000, 0x0000000087500000, 0x0000000087500000|100%| E|CS|TAMS 0x0000000087400000, 0x0000000087400000| Complete 
| 117|0x0000000087500000, 0x0000000087600000, 0x0000000087600000|100%| E|CS|TAMS 0x0000000087500000, 0x0000000087500000| Complete 
| 118|0x0000000087600000, 0x0000000087700000, 0x0000000087700000|100%| E|CS|TAMS 0x0000000087600000, 0x0000000087600000| Complete 
| 119|0x0000000087700000, 0x0000000087800000, 0x0000000087800000|100%| E|CS|TAMS 0x0000000087700000, 0x0000000087700000| Complete 
| 120|0x0000000087800000, 0x0000000087900000, 0x0000000087900000|100%| E|CS|TAMS 0x0000000087800000, 0x0000000087800000| Complete 
| 121|0x0000000087900000, 0x0000000087a00000, 0x0000000087a00000|100%| E|CS|TAMS 0x0000000087900000, 0x0000000087900000| Complete 
| 122|0x0000000087a00000, 0x0000000087b00000, 0x0000000087b00000|100%| E|CS|TAMS 0x0000000087a00000, 0x0000000087a00000| Complete 
| 123|0x0000000087b00000, 0x0000000087c00000, 0x0000000087c00000|100%| E|CS|TAMS 0x0000000087b00000, 0x0000000087b00000| Complete 
| 124|0x0000000087c00000, 0x0000000087d00000, 0x0000000087d00000|100%| E|CS|TAMS 0x0000000087c00000, 0x0000000087c00000| Complete 
| 125|0x0000000087d00000, 0x0000000087e00000, 0x0000000087e00000|100%| E|CS|TAMS 0x0000000087d00000, 0x0000000087d00000| Complete 
| 126|0x0000000087e00000, 0x0000000087f00000, 0x0000000087f00000|100%| E|CS|TAMS 0x0000000087e00000, 0x0000000087e00000| Complete 
| 127|0x0000000087f00000, 0x0000000088000000, 0x0000000088000000|100%| E|CS|TAMS 0x0000000087f00000, 0x0000000087f00000| Complete 
| 128|0x0000000088000000, 0x0000000088100000, 0x0000000088100000|100%| E|CS|TAMS 0x0000000088000000, 0x0000000088000000| Complete 
| 129|0x0000000088100000, 0x0000000088200000, 0x0000000088200000|100%| E|CS|TAMS 0x0000000088100000, 0x0000000088100000| Complete 
| 130|0x0000000088200000, 0x0000000088300000, 0x0000000088300000|100%| E|CS|TAMS 0x0000000088200000, 0x0000000088200000| Complete 
| 131|0x0000000088300000, 0x0000000088400000, 0x0000000088400000|100%| E|CS|TAMS 0x0000000088300000, 0x0000000088300000| Complete 

Card table byte_map: [0x00000177fb0c0000,0x00000177fb4c0000] _byte_map_base: 0x00000177facc0000

Marking Bits (Prev, Next): (CMBitMap*) 0x00000177f2f36b90, (CMBitMap*) 0x00000177f2f36b50
 Prev Bits: [0x00000177fd8c0000, 0x00000177ff8c0000)
 Next Bits: [0x00000177fb8c0000, 0x00000177fd8c0000)

Polling page: 0x00000177f1070000

Metaspace:

Usage:
  Non-class:     66.08 MB used.
      Class:     10.71 MB used.
       Both:     76.79 MB used.

Virtual space:
  Non-class space:      128.00 MB reserved,      66.56 MB ( 52%) committed,  2 nodes.
      Class space:      416.00 MB reserved,      11.19 MB (  3%) committed,  1 nodes.
             Both:      544.00 MB reserved,      77.75 MB ( 14%) committed. 

Chunk freelists:
   Non-Class:  13.33 MB
       Class:  4.73 MB
        Both:  18.06 MB

MaxMetaspaceSize: 512.00 MB
CompressedClassSpaceSize: 416.00 MB
Initial GC threshold: 21.00 MB
Current GC threshold: 128.12 MB
CDS: on
MetaspaceReclaimPolicy: balanced
 - commit_granule_bytes: 65536.
 - commit_granule_words: 8192.
 - virtual_space_node_default_size: 8388608.
 - enlarge_chunks_in_place: 1.
 - new_chunks_are_fully_committed: 0.
 - uncommit_free_chunks: 1.
 - use_allocation_guard: 0.
 - handle_deallocations: 1.


Internal statistics:

num_allocs_failed_limit: 9.
num_arena_births: 1140.
num_arena_deaths: 0.
num_vsnodes_births: 3.
num_vsnodes_deaths: 0.
num_space_committed: 1244.
num_space_uncommitted: 0.
num_chunks_returned_to_freelist: 9.
num_chunks_taken_from_freelist: 4602.
num_chunk_merges: 9.
num_chunk_splits: 2957.
num_chunks_enlarged: 1899.
num_inconsistent_stats: 0.

CodeHeap 'non-profiled nmethods': size=120000Kb used=5119Kb max_used=5119Kb free=114880Kb
 bounds [0x0000017787ad0000, 0x0000017787fd0000, 0x000001778f000000]
CodeHeap 'profiled nmethods': size=120000Kb used=17815Kb max_used=17815Kb free=102184Kb
 bounds [0x0000017780000000, 0x0000017781170000, 0x0000017787530000]
CodeHeap 'non-nmethods': size=5760Kb used=2392Kb max_used=2437Kb free=3368Kb
 bounds [0x0000017787530000, 0x00000177877b0000, 0x0000017787ad0000]
 total_blobs=10182 nmethods=9258 adapters=836
 compilation: enabled
              stopped_count=0, restarted_count=0
 full_count=0

Compilation events (20 events):
Event: 37.039 Thread 0x00000177915fd580 10054       3       org.codehaus.groovy.reflection.CachedClass$3::initValue (205 bytes)
Event: 37.041 Thread 0x00000177915fd580 nmethod 10054 0x0000017781155810 code [0x0000017781155c20, 0x0000017781157a98]
Event: 37.041 Thread 0x00000177915fd580 10053       3       org.codehaus.groovy.vmplugin.v9.Java9::checkAccessible (171 bytes)
Event: 37.043 Thread 0x00000177915fd580 nmethod 10053 0x0000017781158710 code [0x0000017781158ae0, 0x000001778115a808]
Event: 37.048 Thread 0x00000177915fd580 10056       3       org.codehaus.groovy.util.FastArray::set (8 bytes)
Event: 37.049 Thread 0x00000177915fd580 nmethod 10056 0x000001778115b090 code [0x000001778115b240, 0x000001778115b4f8]
Event: 37.061 Thread 0x00000177915fd580 10057 %     3       java.util.HashMap::valuesToArray @ 32 (81 bytes)
Event: 37.062 Thread 0x00000177915fd580 nmethod 10057% 0x000001778115b610 code [0x000001778115b7e0, 0x000001778115bd78]
Event: 37.063 Thread 0x00000177915fd580 10058       3       sun.reflect.generics.repository.ConstructorRepository::computeExceptionTypes (62 bytes)
Event: 37.064 Thread 0x00000177915fcb80 nmethod 10033 0x0000017787fc0f90 code [0x0000017787fc1200, 0x0000017787fc2a40]
Event: 37.064 Thread 0x00000177915fd580 nmethod 10058 0x000001778115bf90 code [0x000001778115c1a0, 0x000001778115cbc8]
Event: 37.064 Thread 0x00000177915fd580 10060       3       sun.reflect.generics.repository.ConstructorRepository::getParameterTypes (27 bytes)
Event: 37.064 Thread 0x00000177915fcb80 10055       4       org.codehaus.groovy.reflection.CachedMethod::isStatic (8 bytes)
Event: 37.064 Thread 0x00000177915fd580 nmethod 10060 0x000001778115cf10 code [0x000001778115d0e0, 0x000001778115d4b8]
Event: 37.064 Thread 0x00000177915fd580 10059       2       sun.reflect.generics.repository.GenericDeclRepository::getTypeParameters (27 bytes)
Event: 37.065 Thread 0x00000177915fd580 nmethod 10059 0x000001778115d590 code [0x000001778115d740, 0x000001778115d958]
Event: 37.065 Thread 0x00000177915fcb80 nmethod 10055 0x0000017787fc3710 code [0x0000017787fc3880, 0x0000017787fc3918]
Event: 37.066 Thread 0x00000177915fcb80 10062   !   4       java.util.WeakHashMap::expungeStaleEntries (139 bytes)
Event: 37.067 Thread 0x00000177915fd580 10061       3       java.util.Hashtable$EntrySet::<init> (10 bytes)
Event: 37.067 Thread 0x00000177915fd580 nmethod 10061 0x000001778115da10 code [0x000001778115dbc0, 0x000001778115de38]

GC Heap History (20 events):
Event: 22.377 GC heap before
{Heap before GC invocations=14 (full 0):
 garbage-first heap   total 133120K, used 113271K [0x0000000080000000, 0x0000000100000000)
  region size 1024K, 74 young (75776K), 8 survivors (8192K)
 Metaspace       used 54845K, committed 55424K, reserved 491520K
  class space    used 7706K, committed 8000K, reserved 425984K
}
Event: 22.388 GC heap after
{Heap after GC invocations=15 (full 0):
 garbage-first heap   total 133120K, used 52393K [0x0000000080000000, 0x0000000100000000)
  region size 1024K, 10 young (10240K), 10 survivors (10240K)
 Metaspace       used 54845K, committed 55424K, reserved 491520K
  class space    used 7706K, committed 8000K, reserved 425984K
}
Event: 23.717 GC heap before
{Heap before GC invocations=15 (full 0):
 garbage-first heap   total 133120K, used 104617K [0x0000000080000000, 0x0000000100000000)
  region size 1024K, 61 young (62464K), 10 survivors (10240K)
 Metaspace       used 59284K, committed 59904K, reserved 491520K
  class space    used 8309K, committed 8576K, reserved 425984K
}
Event: 23.726 GC heap after
{Heap after GC invocations=16 (full 0):
 garbage-first heap   total 133120K, used 55430K [0x0000000080000000, 0x0000000100000000)
  region size 1024K, 3 young (3072K), 3 survivors (3072K)
 Metaspace       used 59284K, committed 59904K, reserved 491520K
  class space    used 8309K, committed 8576K, reserved 425984K
}
Event: 23.767 GC heap before
{Heap before GC invocations=16 (full 0):
 garbage-first heap   total 133120K, used 58502K [0x0000000080000000, 0x0000000100000000)
  region size 1024K, 7 young (7168K), 3 survivors (3072K)
 Metaspace       used 59473K, committed 60096K, reserved 491520K
  class space    used 8330K, committed 8640K, reserved 425984K
}
Event: 23.770 GC heap after
{Heap after GC invocations=17 (full 0):
 garbage-first heap   total 133120K, used 55090K [0x0000000080000000, 0x0000000100000000)
  region size 1024K, 3 young (3072K), 3 survivors (3072K)
 Metaspace       used 59473K, committed 60096K, reserved 491520K
  class space    used 8330K, committed 8640K, reserved 425984K
}
Event: 25.023 GC heap before
{Heap before GC invocations=18 (full 0):
 garbage-first heap   total 133120K, used 108338K [0x0000000080000000, 0x0000000100000000)
  region size 1024K, 55 young (56320K), 3 survivors (3072K)
 Metaspace       used 63420K, committed 64064K, reserved 491520K
  class space    used 8967K, committed 9280K, reserved 425984K
}
Event: 25.028 GC heap after
{Heap after GC invocations=19 (full 0):
 garbage-first heap   total 133120K, used 56612K [0x0000000080000000, 0x0000000100000000)
  region size 1024K, 4 young (4096K), 4 survivors (4096K)
 Metaspace       used 63420K, committed 64064K, reserved 491520K
  class space    used 8967K, committed 9280K, reserved 425984K
}
Event: 26.472 GC heap before
{Heap before GC invocations=19 (full 0):
 garbage-first heap   total 133120K, used 109860K [0x0000000080000000, 0x0000000100000000)
  region size 1024K, 56 young (57344K), 4 survivors (4096K)
 Metaspace       used 65782K, committed 66560K, reserved 491520K
  class space    used 9291K, committed 9664K, reserved 425984K
}
Event: 26.480 GC heap after
{Heap after GC invocations=20 (full 0):
 garbage-first heap   total 133120K, used 61577K [0x0000000080000000, 0x0000000100000000)
  region size 1024K, 7 young (7168K), 7 survivors (7168K)
 Metaspace       used 65782K, committed 66560K, reserved 491520K
  class space    used 9291K, committed 9664K, reserved 425984K
}
Event: 27.704 GC heap before
{Heap before GC invocations=20 (full 0):
 garbage-first heap   total 133120K, used 108681K [0x0000000080000000, 0x0000000100000000)
  region size 1024K, 53 young (54272K), 7 survivors (7168K)
 Metaspace       used 68395K, committed 69184K, reserved 491520K
  class space    used 9669K, committed 10048K, reserved 425984K
}
Event: 27.714 GC heap after
{Heap after GC invocations=21 (full 0):
 garbage-first heap   total 133120K, used 64806K [0x0000000080000000, 0x0000000100000000)
  region size 1024K, 6 young (6144K), 6 survivors (6144K)
 Metaspace       used 68395K, committed 69184K, reserved 491520K
  class space    used 9669K, committed 10048K, reserved 425984K
}
Event: 31.587 GC heap before
{Heap before GC invocations=21 (full 0):
 garbage-first heap   total 133120K, used 105766K [0x0000000080000000, 0x0000000100000000)
  region size 1024K, 47 young (48128K), 6 survivors (6144K)
 Metaspace       used 71685K, committed 72448K, reserved 491520K
  class space    used 10203K, committed 10560K, reserved 425984K
}
Event: 31.607 GC heap after
{Heap after GC invocations=22 (full 0):
 garbage-first heap   total 133120K, used 69073K [0x0000000080000000, 0x0000000100000000)
  region size 1024K, 5 young (5120K), 5 survivors (5120K)
 Metaspace       used 71685K, committed 72448K, reserved 491520K
  class space    used 10203K, committed 10560K, reserved 425984K
}
Event: 34.916 GC heap before
{Heap before GC invocations=23 (full 0):
 garbage-first heap   total 133120K, used 113105K [0x0000000080000000, 0x0000000100000000)
  region size 1024K, 44 young (45056K), 5 survivors (5120K)
 Metaspace       used 76965K, committed 77824K, reserved 557056K
  class space    used 10750K, committed 11136K, reserved 425984K
}
Event: 34.925 GC heap after
{Heap after GC invocations=24 (full 0):
 garbage-first heap   total 133120K, used 75275K [0x0000000080000000, 0x0000000100000000)
  region size 1024K, 4 young (4096K), 4 survivors (4096K)
 Metaspace       used 76965K, committed 77824K, reserved 557056K
  class space    used 10750K, committed 11136K, reserved 425984K
}
Event: 35.087 GC heap before
{Heap before GC invocations=24 (full 0):
 garbage-first heap   total 133120K, used 76299K [0x0000000080000000, 0x0000000100000000)
  region size 1024K, 6 young (6144K), 4 survivors (4096K)
 Metaspace       used 77191K, committed 78080K, reserved 557056K
  class space    used 10786K, committed 11264K, reserved 425984K
}
Event: 35.095 GC heap after
{Heap after GC invocations=25 (full 0):
 garbage-first heap   total 133120K, used 74350K [0x0000000080000000, 0x0000000100000000)
  region size 1024K, 1 young (1024K), 1 survivors (1024K)
 Metaspace       used 77191K, committed 78080K, reserved 557056K
  class space    used 10786K, committed 11264K, reserved 425984K
}
Event: 36.554 GC heap before
{Heap before GC invocations=25 (full 0):
 garbage-first heap   total 133120K, used 93806K [0x0000000080000000, 0x0000000100000000)
  region size 1024K, 21 young (21504K), 1 survivors (1024K)
 Metaspace       used 77688K, committed 78592K, reserved 557056K
  class space    used 10845K, committed 11264K, reserved 425984K
}
Event: 36.558 GC heap after
{Heap after GC invocations=26 (full 0):
 garbage-first heap   total 133120K, used 77418K [0x0000000080000000, 0x0000000100000000)
  region size 1024K, 4 young (4096K), 4 survivors (4096K)
 Metaspace       used 77688K, committed 78592K, reserved 557056K
  class space    used 10845K, committed 11264K, reserved 425984K
}

Deoptimization events (20 events):
Event: 36.914 Thread 0x00000177b2669150 DEOPT PACKING pc=0x0000017787e7e128 sp=0x00000033d53fb430
Event: 36.914 Thread 0x00000177b2669150 DEOPT UNPACKING pc=0x00000177875823a3 sp=0x00000033d53fb3c8 mode 2
Event: 36.917 Thread 0x00000177b2669150 Uncommon trap: trap_request=0xffffffc6 fr.pc=0x0000017787e7e128 relative=0x0000000000000ca8
Event: 36.917 Thread 0x00000177b2669150 Uncommon trap: reason=bimorphic_or_optimized_type_check action=maybe_recompile pc=0x0000017787e7e128 method=java.util.Properties$LineReader.readLine()I @ 479 c2
Event: 36.917 Thread 0x00000177b2669150 DEOPT PACKING pc=0x0000017787e7e128 sp=0x00000033d53fb430
Event: 36.917 Thread 0x00000177b2669150 DEOPT UNPACKING pc=0x00000177875823a3 sp=0x00000033d53fb3c8 mode 2
Event: 36.974 Thread 0x00000177b2669150 DEOPT PACKING pc=0x00000177808ed0df sp=0x00000033d53f8250
Event: 36.974 Thread 0x00000177b2669150 DEOPT UNPACKING pc=0x0000017787582b43 sp=0x00000033d53f7738 mode 0
Event: 37.042 Thread 0x00000177b2669150 Uncommon trap: trap_request=0xffffffc6 fr.pc=0x0000017787e8ac74 relative=0x0000000000000974
Event: 37.042 Thread 0x00000177b2669150 Uncommon trap: reason=bimorphic_or_optimized_type_check action=maybe_recompile pc=0x0000017787e8ac74 method=org.codehaus.groovy.runtime.metaclass.MetaMethodIndex.isOverridden(Lgroovy/lang/MetaMethod;Lgroovy/lang/MetaMethod;)Z @ 56 c2
Event: 37.042 Thread 0x00000177b2669150 DEOPT PACKING pc=0x0000017787e8ac74 sp=0x00000033d53f6510
Event: 37.042 Thread 0x00000177b2669150 DEOPT UNPACKING pc=0x00000177875823a3 sp=0x00000033d53f6468 mode 2
Event: 37.045 Thread 0x00000177b2669150 Uncommon trap: trap_request=0xffffffc6 fr.pc=0x0000017787e8ac74 relative=0x0000000000000974
Event: 37.045 Thread 0x00000177b2669150 Uncommon trap: reason=bimorphic_or_optimized_type_check action=maybe_recompile pc=0x0000017787e8ac74 method=org.codehaus.groovy.runtime.metaclass.MetaMethodIndex.isOverridden(Lgroovy/lang/MetaMethod;Lgroovy/lang/MetaMethod;)Z @ 56 c2
Event: 37.045 Thread 0x00000177b2669150 DEOPT PACKING pc=0x0000017787e8ac74 sp=0x00000033d53f65d0
Event: 37.045 Thread 0x00000177b2669150 DEOPT UNPACKING pc=0x00000177875823a3 sp=0x00000033d53f6528 mode 2
Event: 37.049 Thread 0x00000177b2669150 Uncommon trap: trap_request=0xffffffc6 fr.pc=0x0000017787e8b2a8 relative=0x0000000000000fa8
Event: 37.049 Thread 0x00000177b2669150 Uncommon trap: reason=bimorphic_or_optimized_type_check action=maybe_recompile pc=0x0000017787e8b2a8 method=org.codehaus.groovy.runtime.metaclass.MetaMethodIndex.isOverridden(Lgroovy/lang/MetaMethod;Lgroovy/lang/MetaMethod;)Z @ 10 c2
Event: 37.049 Thread 0x00000177b2669150 DEOPT PACKING pc=0x0000017787e8b2a8 sp=0x00000033d53f6530
Event: 37.049 Thread 0x00000177b2669150 DEOPT UNPACKING pc=0x00000177875823a3 sp=0x00000033d53f6488 mode 2

Classes unloaded (0 events):
No events

Classes redefined (0 events):
No events

Internal exceptions (20 events):
Event: 36.977 Thread 0x00000177b2669150 Exception <a 'java/lang/ClassNotFoundException'{0x00000000879f3ac0}: org/gradle/api/internal/project/ProjectScriptBeanInfo> (0x00000000879f3ac0) 
thrown [s\open\src\hotspot\share\classfile\systemDictionary.cpp, line 256]
Event: 36.977 Thread 0x00000177b2669150 Exception <a 'java/lang/ClassNotFoundException'{0x00000000879feff0}: org/gradle/api/internal/project/ProjectScriptCustomizer> (0x00000000879feff0) 
thrown [s\open\src\hotspot\share\classfile\systemDictionary.cpp, line 256]
Event: 36.979 Thread 0x00000177b2669150 Exception <a 'java/lang/ClassNotFoundException'{0x0000000087817790}: build_dwlk01pb2alsrv7v09b6lbyfjCustomizer> (0x0000000087817790) 
thrown [s\open\src\hotspot\share\classfile\systemDictionary.cpp, line 256]
Event: 37.024 Thread 0x00000177b2669150 Exception <a 'java/lang/ClassNotFoundException'{0x000000008787d4d0}: org/gradle/api/internal/initialization/DefaultScriptHandler_DecoratedBeanInfo> (0x000000008787d4d0) 
thrown [s\open\src\hotspot\share\classfile\systemDictionary.cpp, line 256]
Event: 37.026 Thread 0x00000177b2669150 Exception <a 'java/lang/ClassNotFoundException'{0x0000000087890260}: org/gradle/api/internal/initialization/DefaultScriptHandlerBeanInfo> (0x0000000087890260) 
thrown [s\open\src\hotspot\share\classfile\systemDictionary.cpp, line 256]
Event: 37.027 Thread 0x00000177b2669150 Exception <a 'java/lang/ClassNotFoundException'{0x00000000878a2a68}: org/gradle/api/internal/initialization/DefaultScriptHandlerCustomizer> (0x00000000878a2a68) 
thrown [s\open\src\hotspot\share\classfile\systemDictionary.cpp, line 256]
Event: 37.028 Thread 0x00000177b2669150 Exception <a 'java/lang/ClassNotFoundException'{0x00000000878c1dc0}: org/gradle/api/internal/initialization/DefaultScriptHandler_DecoratedCustomizer> (0x00000000878c1dc0) 
thrown [s\open\src\hotspot\share\classfile\systemDictionary.cpp, line 256]
Event: 37.051 Thread 0x00000177b2669150 Exception <a 'java/lang/ClassNotFoundException'{0x000000008730c838}: org/gradle/api/internal/artifacts/dsl/DefaultRepositoryHandler_DecoratedBeanInfo> (0x000000008730c838) 
thrown [s\open\src\hotspot\share\classfile\systemDictionary.cpp, line 256]
Event: 37.051 Thread 0x00000177b2669150 Exception <a 'java/lang/ClassNotFoundException'{0x00000000873244d8}: org/gradle/api/internal/artifacts/dsl/DefaultRepositoryHandlerBeanInfo> (0x00000000873244d8) 
thrown [s\open\src\hotspot\share\classfile\systemDictionary.cpp, line 256]
Event: 37.053 Thread 0x00000177b2669150 Exception <a 'java/lang/ClassNotFoundException'{0x000000008733d3d8}: org/gradle/api/internal/artifacts/DefaultArtifactRepositoryContainerBeanInfo> (0x000000008733d3d8) 
thrown [s\open\src\hotspot\share\classfile\systemDictionary.cpp, line 256]
Event: 37.053 Thread 0x00000177b2669150 Exception <a 'java/lang/ClassNotFoundException'{0x0000000087353398}: org/gradle/api/internal/DefaultNamedDomainObjectListBeanInfo> (0x0000000087353398) 
thrown [s\open\src\hotspot\share\classfile\systemDictionary.cpp, line 256]
Event: 37.054 Thread 0x00000177b2669150 Exception <a 'java/lang/ClassNotFoundException'{0x0000000087369a88}: org/gradle/api/internal/DefaultNamedDomainObjectCollectionBeanInfo> (0x0000000087369a88) 
thrown [s\open\src\hotspot\share\classfile\systemDictionary.cpp, line 256]
Event: 37.054 Thread 0x00000177b2669150 Exception <a 'java/lang/ClassNotFoundException'{0x000000008737fce8}: org/gradle/api/internal/DefaultDomainObjectCollectionBeanInfo> (0x000000008737fce8) 
thrown [s\open\src\hotspot\share\classfile\systemDictionary.cpp, line 256]
Event: 37.055 Thread 0x00000177b2669150 Exception <a 'java/lang/ClassNotFoundException'{0x0000000087387ad0}: java/util/AbstractCollectionBeanInfo> (0x0000000087387ad0) 
thrown [s\open\src\hotspot\share\classfile\systemDictionary.cpp, line 256]
Event: 37.055 Thread 0x00000177b2669150 Exception <a 'java/lang/ClassNotFoundException'{0x000000008738f880}: java/util/AbstractCollectionCustomizer> (0x000000008738f880) 
thrown [s\open\src\hotspot\share\classfile\systemDictionary.cpp, line 256]
Event: 37.059 Thread 0x00000177b2669150 Exception <a 'java/lang/ClassNotFoundException'{0x00000000873af6e0}: org/gradle/api/internal/DefaultDomainObjectCollectionCustomizer> (0x00000000873af6e0) 
thrown [s\open\src\hotspot\share\classfile\systemDictionary.cpp, line 256]
Event: 37.062 Thread 0x00000177b2669150 Exception <a 'java/lang/ClassNotFoundException'{0x00000000873e76a0}: org/gradle/api/internal/DefaultNamedDomainObjectCollectionCustomizer> (0x00000000873e76a0) 
thrown [s\open\src\hotspot\share\classfile\systemDictionary.cpp, line 256]
Event: 37.066 Thread 0x00000177b2669150 Exception <a 'java/lang/ClassNotFoundException'{0x0000000087227118}: org/gradle/api/internal/DefaultNamedDomainObjectListCustomizer> (0x0000000087227118) 
thrown [s\open\src\hotspot\share\classfile\systemDictionary.cpp, line 256]
Event: 37.068 Thread 0x00000177b2669150 Exception <a 'java/lang/ClassNotFoundException'{0x000000008725cbc8}: org/gradle/api/internal/artifacts/DefaultArtifactRepositoryContainerCustomizer> (0x000000008725cbc8) 
thrown [s\open\src\hotspot\share\classfile\systemDictionary.cpp, line 256]
Event: 37.070 Thread 0x00000177b2669150 Exception <a 'java/lang/ClassNotFoundException'{0x0000000087286e78}: org/gradle/api/internal/artifacts/dsl/DefaultRepositoryHandlerCustomizer> (0x0000000087286e78) 
thrown [s\open\src\hotspot\share\classfile\systemDictionary.cpp, line 256]

VM Operations (20 events):
Event: 32.367 Executing VM operation: HandshakeAllThreads done
Event: 32.728 Executing VM operation: ICBufferFull
Event: 32.729 Executing VM operation: ICBufferFull done
Event: 33.731 Executing VM operation: Cleanup
Event: 33.731 Executing VM operation: Cleanup done
Event: 34.732 Executing VM operation: Cleanup
Event: 34.732 Executing VM operation: Cleanup done
Event: 34.916 Executing VM operation: G1CollectForAllocation
Event: 34.925 Executing VM operation: G1CollectForAllocation done
Event: 35.087 Executing VM operation: G1CollectForAllocation
Event: 35.095 Executing VM operation: G1CollectForAllocation done
Event: 36.107 Executing VM operation: Cleanup
Event: 36.107 Executing VM operation: Cleanup done
Event: 36.553 Executing VM operation: G1TryInitiateConcMark
Event: 36.558 Executing VM operation: G1TryInitiateConcMark done
Event: 36.598 Executing VM operation: G1Concurrent
Event: 36.604 Executing VM operation: G1Concurrent done
Event: 36.621 Executing VM operation: G1Concurrent
Event: 36.621 Executing VM operation: G1Concurrent done
Event: 37.622 Executing VM operation: Cleanup

Events (20 events):
Event: 36.820 loading class sun/reflect/generics/repository/FieldRepository done
Event: 36.829 loading class jdk/internal/vm/annotation/ForceInline
Event: 36.830 loading class jdk/internal/vm/annotation/ForceInline done
Event: 36.844 loading class java/util/AbstractMap$2
Event: 36.844 loading class java/util/AbstractMap$2 done
Event: 36.844 loading class java/util/AbstractMap$2$1
Event: 36.845 loading class java/util/AbstractMap$2$1 done
Event: 36.865 Thread 0x00000177b561eb10 Thread added: 0x00000177b561eb10
Event: 36.884 Thread 0x00000177b5620050 Thread added: 0x00000177b5620050
Event: 36.966 Thread 0x00000177b4541030 Thread added: 0x00000177b4541030
Event: 37.054 loading class java/util/AbstractCollectionBeanInfo
Event: 37.054 loading class java/util/AbstractCollectionBeanInfo done
Event: 37.054 loading class java/util/AbstractCollectionBeanInfo
Event: 37.054 loading class java/util/AbstractCollectionBeanInfo done
Event: 37.055 loading class java/util/AbstractCollectionCustomizer
Event: 37.055 loading class java/util/AbstractCollectionCustomizer done
Event: 37.055 loading class java/util/AbstractCollectionCustomizer
Event: 37.055 loading class java/util/AbstractCollectionCustomizer done
Event: 37.056 loading class sun/reflect/generics/reflectiveObjects/GenericArrayTypeImpl
Event: 37.057 loading class sun/reflect/generics/reflectiveObjects/GenericArrayTypeImpl done


Dynamic libraries:
0x00007ff6b7b20000 - 0x00007ff6b7b30000 	C:\Program Files\Java\jdk-17\bin\java.exe
0x00007ffda7cc0000 - 0x00007ffda7f29000 	C:\WINDOWS\SYSTEM32\ntdll.dll
0x00007ffda68f0000 - 0x00007ffda69b9000 	C:\WINDOWS\System32\KERNEL32.DLL
0x00007ffda53a0000 - 0x00007ffda5793000 	C:\WINDOWS\System32\KERNELBASE.dll
0x00007ffda4f10000 - 0x00007ffda505b000 	C:\WINDOWS\System32\ucrtbase.dll
0x00007ffd9f0f0000 - 0x00007ffd9f109000 	C:\Program Files\Java\jdk-17\bin\jli.dll
0x00007ffd92e80000 - 0x00007ffd92e9b000 	C:\Program Files\Java\jdk-17\bin\VCRUNTIME140.dll
0x00007ffda7930000 - 0x00007ffda79e4000 	C:\WINDOWS\System32\ADVAPI32.dll
0x00007ffda5b90000 - 0x00007ffda5c39000 	C:\WINDOWS\System32\msvcrt.dll
0x00007ffda7ad0000 - 0x00007ffda7b76000 	C:\WINDOWS\System32\sechost.dll
0x00007ffda5ca0000 - 0x00007ffda5db8000 	C:\WINDOWS\System32\RPCRT4.dll
0x00007ffda5e00000 - 0x00007ffda5fc4000 	C:\WINDOWS\System32\USER32.dll
0x00007ffd8b750000 - 0x00007ffd8b9e3000 	C:\WINDOWS\WinSxS\amd64_microsoft.windows.common-controls_6595b64144ccf1df_6.0.26100.5074_none_3e0d6f78e32fd63f\COMCTL32.dll
0x00007ffda4ee0000 - 0x00007ffda4f07000 	C:\WINDOWS\System32\win32u.dll
0x00007ffda6130000 - 0x00007ffda615b000 	C:\WINDOWS\System32\GDI32.dll
0x00007ffda5060000 - 0x00007ffda518d000 	C:\WINDOWS\System32\gdi32full.dll
0x00007ffda57a0000 - 0x00007ffda5843000 	C:\WINDOWS\System32\msvcp_win.dll
0x00007ffd8e300000 - 0x00007ffd8e30b000 	C:\WINDOWS\SYSTEM32\VERSION.dll
0x00007ffda7b80000 - 0x00007ffda7baf000 	C:\WINDOWS\System32\IMM32.DLL
0x00007ffd9f130000 - 0x00007ffd9f13c000 	C:\Program Files\Java\jdk-17\bin\vcruntime140_1.dll
0x00007ffd75bd0000 - 0x00007ffd75c5e000 	C:\Program Files\Java\jdk-17\bin\msvcp140.dll
0x00007ffd29700000 - 0x00007ffd2a2e1000 	C:\Program Files\Java\jdk-17\bin\server\jvm.dll
0x00007ffda5dc0000 - 0x00007ffda5dc8000 	C:\WINDOWS\System32\PSAPI.DLL
0x00007ffd9f0d0000 - 0x00007ffd9f0da000 	C:\WINDOWS\SYSTEM32\WSOCK32.dll
0x00007ffd99ac0000 - 0x00007ffd99af5000 	C:\WINDOWS\SYSTEM32\WINMM.dll
0x00007ffda69e0000 - 0x00007ffda6a54000 	C:\WINDOWS\System32\WS2_32.dll
0x00007ffda3bf0000 - 0x00007ffda3c0b000 	C:\WINDOWS\SYSTEM32\kernel.appcore.dll
0x00007ffd9f0e0000 - 0x00007ffd9f0ea000 	C:\Program Files\Java\jdk-17\bin\jimage.dll
0x00007ffda25c0000 - 0x00007ffda2802000 	C:\WINDOWS\SYSTEM32\DBGHELP.DLL
0x00007ffda6570000 - 0x00007ffda68eb000 	C:\WINDOWS\System32\combase.dll
0x00007ffda6a60000 - 0x00007ffda6b37000 	C:\WINDOWS\System32\OLEAUT32.dll
0x00007ffd85d00000 - 0x00007ffd85d3d000 	C:\WINDOWS\SYSTEM32\dbgcore.DLL
0x00007ffda5190000 - 0x00007ffda5229000 	C:\WINDOWS\System32\bcryptPrimitives.dll
0x00007ffd853b0000 - 0x00007ffd853be000 	C:\Program Files\Java\jdk-17\bin\instrument.dll
0x00007ffd8fe10000 - 0x00007ffd8fe35000 	C:\Program Files\Java\jdk-17\bin\java.dll
0x00007ffd53960000 - 0x00007ffd53a37000 	C:\Program Files\Java\jdk-17\bin\jsvml.dll
0x00007ffda6b40000 - 0x00007ffda728d000 	C:\WINDOWS\System32\SHELL32.dll
0x00007ffda5230000 - 0x00007ffda539c000 	C:\WINDOWS\System32\wintypes.dll
0x00007ffda2a70000 - 0x00007ffda32c9000 	C:\WINDOWS\SYSTEM32\windows.storage.dll
0x00007ffda5a90000 - 0x00007ffda5b80000 	C:\WINDOWS\System32\SHCORE.dll
0x00007ffda77a0000 - 0x00007ffda7802000 	C:\WINDOWS\System32\shlwapi.dll
0x00007ffda4d70000 - 0x00007ffda4d99000 	C:\WINDOWS\SYSTEM32\profapi.dll
0x00007ffd89400000 - 0x00007ffd89418000 	C:\Program Files\Java\jdk-17\bin\zip.dll
0x00007ffd90240000 - 0x00007ffd90259000 	C:\Program Files\Java\jdk-17\bin\net.dll
0x00007ffd93860000 - 0x00007ffd9397f000 	C:\WINDOWS\SYSTEM32\WINHTTP.dll
0x00007ffda4150000 - 0x00007ffda41bb000 	C:\WINDOWS\system32\mswsock.dll
0x00007ffd8fda0000 - 0x00007ffd8fdb6000 	C:\Program Files\Java\jdk-17\bin\nio.dll
0x00007ffd9d180000 - 0x00007ffd9d190000 	C:\Program Files\Java\jdk-17\bin\verify.dll
0x00007ffd45850000 - 0x00007ffd45877000 	C:\Users\PMYLS\.gradle\native\1def1411415f61bf3af743bc5b6707747c0891f09f0c88961ee8f79bc544acac\windows-amd64\native-platform.dll
0x00007ffd5e610000 - 0x00007ffd5e688000 	C:\Users\PMYLS\.gradle\native\0.2.7\x86_64-windows-gnu\gradle-fileevents.dll
0x00007ffd8fe60000 - 0x00007ffd8fe6a000 	C:\Program Files\Java\jdk-17\bin\management.dll
0x00007ffd8fe00000 - 0x00007ffd8fe0b000 	C:\Program Files\Java\jdk-17\bin\management_ext.dll
0x00007ffda3640000 - 0x00007ffda3674000 	C:\WINDOWS\SYSTEM32\IPHLPAPI.DLL
0x00007ffda69d0000 - 0x00007ffda69da000 	C:\WINDOWS\System32\NSI.dll
0x00007ffd9b7a0000 - 0x00007ffd9b7be000 	C:\WINDOWS\SYSTEM32\dhcpcsvc6.DLL
0x00007ffd9b770000 - 0x00007ffd9b793000 	C:\WINDOWS\SYSTEM32\dhcpcsvc.DLL
0x00007ffda36e0000 - 0x00007ffda3806000 	C:\WINDOWS\SYSTEM32\DNSAPI.dll
0x00007ffda44a0000 - 0x00007ffda44bb000 	C:\WINDOWS\SYSTEM32\CRYPTSP.dll
0x00007ffda3b50000 - 0x00007ffda3b8b000 	C:\WINDOWS\system32\rsaenh.dll
0x00007ffda41f0000 - 0x00007ffda421b000 	C:\WINDOWS\SYSTEM32\USERENV.dll
0x00007ffda4d40000 - 0x00007ffda4d66000 	C:\WINDOWS\SYSTEM32\bcrypt.dll
0x00007ffda4480000 - 0x00007ffda448c000 	C:\WINDOWS\SYSTEM32\CRYPTBASE.dll
0x00007ffd853a0000 - 0x00007ffd853ae000 	C:\Program Files\Java\jdk-17\bin\sunmscapi.dll
0x00007ffda5850000 - 0x00007ffda59c7000 	C:\WINDOWS\System32\CRYPT32.dll
0x00007ffda45f0000 - 0x00007ffda4620000 	C:\WINDOWS\SYSTEM32\ncrypt.dll
0x00007ffda45a0000 - 0x00007ffda45df000 	C:\WINDOWS\SYSTEM32\NTASN1.dll
0x00007ffd73e60000 - 0x00007ffd73e68000 	C:\WINDOWS\system32\wshunix.dll

dbghelp: loaded successfully - version: 4.0.5 - missing functions: none
symbol engine: initialized successfully - sym options: 0x614 - pdb path: .;C:\Program Files\Java\jdk-17\bin;C:\WINDOWS\SYSTEM32;C:\WINDOWS\WinSxS\amd64_microsoft.windows.common-controls_6595b64144ccf1df_6.0.26100.5074_none_3e0d6f78e32fd63f;C:\Program Files\Java\jdk-17\bin\server;C:\Users\PMYLS\.gradle\native\1def1411415f61bf3af743bc5b6707747c0891f09f0c88961ee8f79bc544acac\windows-amd64;C:\Users\PMYLS\.gradle\native\0.2.7\x86_64-windows-gnu

VM Arguments:
jvm_args: --add-opens=java.base/java.lang=ALL-UNNAMED --add-opens=java.base/java.lang.invoke=ALL-UNNAMED --add-opens=java.base/java.util=ALL-UNNAMED --add-opens=java.prefs/java.util.prefs=ALL-UNNAMED --add-exports=jdk.compiler/com.sun.tools.javac.api=ALL-UNNAMED --add-exports=jdk.compiler/com.sun.tools.javac.util=ALL-UNNAMED --add-opens=java.base/java.util=ALL-UNNAMED --add-opens=java.prefs/java.util.prefs=ALL-UNNAMED --add-opens=java.base/java.nio.charset=ALL-UNNAMED --add-opens=java.base/java.net=ALL-UNNAMED --add-opens=java.base/java.util.concurrent.atomic=ALL-UNNAMED --add-opens=java.xml/javax.xml.namespace=ALL-UNNAMED -XX:MaxMetaspaceSize=512m -Xmx2048m -Dfile.encoding=windows-1252 -Duser.country=US -Duser.language=en -Duser.variant -javaagent:C:\Users\PMYLS\.gradle\wrapper\dists\gradle-8.14.1-bin\baw1sv0jfoi8rxs14qo3h49cs\gradle-8.14.1\lib\agents\gradle-instrumentation-agent-8.14.1.jar 
java_command: org.gradle.launcher.daemon.bootstrap.GradleDaemon 8.14.1
java_class_path (initial): C:\Users\PMYLS\.gradle\wrapper\dists\gradle-8.14.1-bin\baw1sv0jfoi8rxs14qo3h49cs\gradle-8.14.1\lib\gradle-daemon-main-8.14.1.jar
Launcher Type: SUN_STANDARD

[Global flags]
     intx CICompilerCount                          = 4                                         {product} {ergonomic}
   size_t CompressedClassSpaceSize                 = 436207616                                 {product} {ergonomic}
     uint ConcGCThreads                            = 3                                         {product} {ergonomic}
     uint G1ConcRefinementThreads                  = 10                                        {product} {ergonomic}
   size_t G1HeapRegionSize                         = 1048576                                   {product} {ergonomic}
    uintx GCDrainStackTargetSize                   = 64                                        {product} {ergonomic}
   size_t InitialHeapSize                          = 130023424                                 {product} {ergonomic}
   size_t MarkStackSize                            = 4194304                                   {product} {ergonomic}
   size_t MaxHeapSize                              = 2147483648                                {product} {command line}
   size_t MaxMetaspaceSize                         = 536870912                                 {product} {command line}
   size_t MaxNewSize                               = 1287651328                                {product} {ergonomic}
   size_t MinHeapDeltaBytes                        = 1048576                                   {product} {ergonomic}
   size_t MinHeapSize                              = 8388608                                   {product} {ergonomic}
    uintx NonNMethodCodeHeapSize                   = 5839372                                {pd product} {ergonomic}
    uintx NonProfiledCodeHeapSize                  = 122909434                              {pd product} {ergonomic}
    uintx ProfiledCodeHeapSize                     = 122909434                              {pd product} {ergonomic}
    uintx ReservedCodeCacheSize                    = 251658240                              {pd product} {ergonomic}
     bool SegmentedCodeCache                       = true                                      {product} {ergonomic}
   size_t SoftMaxHeapSize                          = 2147483648                             {manageable} {ergonomic}
     bool UseCompressedClassPointers               = true                           {product lp64_product} {ergonomic}
     bool UseCompressedOops                        = true                           {product lp64_product} {ergonomic}
     bool UseG1GC                                  = true                                      {product} {ergonomic}
     bool UseLargePagesIndividualAllocation        = false                                  {pd product} {ergonomic}

Logging:
Log output configuration:
 #0: stdout all=warning uptime,level,tags
 #1: stderr all=off uptime,level,tags

Environment Variables:
JAVA_HOME=C:\Program Files\Java\jdk-17
PATH=C:\Python312\Scripts\;C:\Python312\;C:\Program Files\Common Files\Oracle\Java\javapath;C:\Program Files (x86)\Common Files\Oracle\Java\java8path;C:\Program Files (x86)\Common Files\Oracle\Java\javapath;C:\WINDOWS\system32;C:\WINDOWS;C:\WINDOWS\System32\Wbem;C:\WINDOWS\System32\WindowsPowerShell\v1.0\;C:\WINDOWS\System32\OpenSSH\;C:\ProgramData\chocolatey\bin;C:\Program Files\Java\jdk-17\bin;C:\Program Files\dotnet\;C:\MinGW\bin;C:\Program Files (x86)\GnuWin32\bin;C:\Program Files\NASM;C:\MinGW\msys\1.0\bin;C:\Program Files\nodejs\;D:\Flutter\flutter_windows_3.32.7-stable\flutter\bin;C:\Program Files\Git\cmd;D:\Android-SDK\Sdk\tools;C:\Users\PMYLS\AppData\Local\Microsoft\WindowsApps;C:\Users\PMYLS\AppData\Local\Programs\Microsoft VS Code\bin;C:\Program Files\Java\jdk-17\bin;C:\MinGW\bin;C:\Program Files (x86)\GnuWin32\bin;C:\Program Files\NASM;C:\MinGW\msys\1.0\bin;C:\Users\PMYLS\AppData\Roaming\npm;C:\Users\PMYLS\AppData\Local\GitHubDesktop\bin;C:\Users\PMYLS\AppData\Local\Programs\cursor\resources\app\bin;D:\Flutter\flutter_windows_3.32.7-stable\flutter\bin;D:\Android-SDK\Sdk\licenses;D:\Android-SDK\Sdk\emulator;D:\Android-SDK\Sdk\cmdline-tools\bin;D:\Android-SDK\Sdk\platform-tools;D:\Android-SDK\Sdk\platforms;D:\Android-SDK\Sdk\ndk\;
USERNAME=PMYLS
OS=Windows_NT
PROCESSOR_IDENTIFIER=Intel64 Family 6 Model 154 Stepping 4, GenuineIntel



---------------  S Y S T E M  ---------------

OS:
 Windows 11 , 64 bit Build 26100 (10.0.26100.5074)
OS uptime: 14 days 3:33 hours
Hyper-V role detected

CPU: total 12 (initial active 12) (6 cores per cpu, 2 threads per core) family 6 model 154 stepping 4 microcode 0x424, cx8, cmov, fxsr, ht, mmx, 3dnowpref, sse, sse2, sse3, ssse3, sse4.1, sse4.2, popcnt, lzcnt, tsc, tscinvbit, avx, avx2, aes, erms, clmul, bmi1, bmi2, adx, sha, fma, vzeroupper, clflush, clflushopt, clwb, hv

Memory: 4k page, system-wide physical 7916M (1312M free)
TotalPageFile size 29483M (AvailPageFile size 5M)
current process WorkingSet (physical memory assigned to process): 314M, peak: 317M
current process commit charge ("private bytes"): 419M, peak: 421M

vm_info: Java HotSpot(TM) 64-Bit Server VM (17.0.9+11-LTS-201) for windows-amd64 JRE (17.0.9+11-LTS-201), built on Oct 10 2023 23:16:06 by "mach5one" with MS VC++ 17.1 (VS2022)

END.
